[debug] [2024-05-10T22:21:27.045Z] ----------------------------------------------------------------------
[debug] [2024-05-10T22:21:27.048Z] Command:       C:\Program Files\nodejs\node.exe C:\Users\jyldy\AppData\Roaming\npm\node_modules\firebase-tools\lib\bin\firebase.js deploy --only functions --debug
[debug] [2024-05-10T22:21:27.048Z] CLI Version:   13.8.2
[debug] [2024-05-10T22:21:27.048Z] Platform:      win32
[debug] [2024-05-10T22:21:27.049Z] Node Version:  v20.9.0
[debug] [2024-05-10T22:21:27.049Z] Time:          Sat May 11 2024 04:21:27 GMT+0600 (East Kazakhstan Time)
[debug] [2024-05-10T22:21:27.049Z] ----------------------------------------------------------------------
[debug] 
[debug] [2024-05-10T22:21:27.120Z] > command requires scopes: ["email","openid","https://www.googleapis.com/auth/cloudplatformprojects.readonly","https://www.googleapis.com/auth/firebase","https://www.googleapis.com/auth/cloud-platform"]
[debug] [2024-05-10T22:21:27.121Z] > authorizing via signed-in user (jyldyzbekov06aiti@gmail.com)
[debug] [2024-05-10T22:21:27.122Z] [iam] checking project platinum-crm-a0fcf for permissions ["cloudfunctions.functions.create","cloudfunctions.functions.delete","cloudfunctions.functions.get","cloudfunctions.functions.list","cloudfunctions.functions.update","cloudfunctions.operations.get","firebase.projects.get"]
[debug] [2024-05-10T22:21:27.124Z] >>> [apiv2][query] POST https://cloudresourcemanager.googleapis.com/v1/projects/platinum-crm-a0fcf:testIamPermissions [none]
[debug] [2024-05-10T22:21:27.125Z] >>> [apiv2][(partial)header] POST https://cloudresourcemanager.googleapis.com/v1/projects/platinum-crm-a0fcf:testIamPermissions x-goog-quota-user=projects/platinum-crm-a0fcf
[debug] [2024-05-10T22:21:27.125Z] >>> [apiv2][body] POST https://cloudresourcemanager.googleapis.com/v1/projects/platinum-crm-a0fcf:testIamPermissions {"permissions":["cloudfunctions.functions.create","cloudfunctions.functions.delete","cloudfunctions.functions.get","cloudfunctions.functions.list","cloudfunctions.functions.update","cloudfunctions.operations.get","firebase.projects.get"]}
[debug] [2024-05-10T22:21:28.335Z] <<< [apiv2][status] POST https://cloudresourcemanager.googleapis.com/v1/projects/platinum-crm-a0fcf:testIamPermissions 200
[debug] [2024-05-10T22:21:28.335Z] <<< [apiv2][body] POST https://cloudresourcemanager.googleapis.com/v1/projects/platinum-crm-a0fcf:testIamPermissions {"permissions":["cloudfunctions.functions.create","cloudfunctions.functions.delete","cloudfunctions.functions.get","cloudfunctions.functions.list","cloudfunctions.functions.update","cloudfunctions.operations.get","firebase.projects.get"]}
[debug] [2024-05-10T22:21:28.336Z] >>> [apiv2][query] POST https://iam.googleapis.com/v1/projects/platinum-crm-a0fcf/serviceAccounts/platinum-crm-a0fcf@appspot.gserviceaccount.com:testIamPermissions [none]
[debug] [2024-05-10T22:21:28.337Z] >>> [apiv2][body] POST https://iam.googleapis.com/v1/projects/platinum-crm-a0fcf/serviceAccounts/platinum-crm-a0fcf@appspot.gserviceaccount.com:testIamPermissions {"permissions":["iam.serviceAccounts.actAs"]}
[debug] [2024-05-10T22:21:29.480Z] <<< [apiv2][status] POST https://iam.googleapis.com/v1/projects/platinum-crm-a0fcf/serviceAccounts/platinum-crm-a0fcf@appspot.gserviceaccount.com:testIamPermissions 200
[debug] [2024-05-10T22:21:29.481Z] <<< [apiv2][body] POST https://iam.googleapis.com/v1/projects/platinum-crm-a0fcf/serviceAccounts/platinum-crm-a0fcf@appspot.gserviceaccount.com:testIamPermissions {"permissions":["iam.serviceAccounts.actAs"]}
[info] 
[info] === Deploying to 'platinum-crm-a0fcf'...
[info] 
[info] i  deploying functions 
[info] Running command: npm --prefix "$RESOURCE_DIR" run lint
[error] 
[error] Error: functions predeploy error: Command terminated with non-zero exit code 1
[debug] [2024-05-10T22:22:01.664Z] ----------------------------------------------------------------------
[debug] [2024-05-10T22:22:01.667Z] Command:       C:\Program Files\nodejs\node.exe C:\Users\jyldy\AppData\Roaming\npm\node_modules\firebase-tools\lib\bin\firebase.js deploy --only functions --debug
[debug] [2024-05-10T22:22:01.667Z] CLI Version:   13.8.2
[debug] [2024-05-10T22:22:01.667Z] Platform:      win32
[debug] [2024-05-10T22:22:01.667Z] Node Version:  v20.9.0
[debug] [2024-05-10T22:22:01.668Z] Time:          Sat May 11 2024 04:22:01 GMT+0600 (East Kazakhstan Time)
[debug] [2024-05-10T22:22:01.668Z] ----------------------------------------------------------------------
[debug] 
[debug] [2024-05-10T22:22:01.737Z] > command requires scopes: ["email","openid","https://www.googleapis.com/auth/cloudplatformprojects.readonly","https://www.googleapis.com/auth/firebase","https://www.googleapis.com/auth/cloud-platform"]
[debug] [2024-05-10T22:22:01.739Z] > authorizing via signed-in user (jyldyzbekov06aiti@gmail.com)
[debug] [2024-05-10T22:22:01.739Z] [iam] checking project platinum-crm-a0fcf for permissions ["cloudfunctions.functions.create","cloudfunctions.functions.delete","cloudfunctions.functions.get","cloudfunctions.functions.list","cloudfunctions.functions.update","cloudfunctions.operations.get","firebase.projects.get"]
[debug] [2024-05-10T22:22:01.742Z] >>> [apiv2][query] POST https://cloudresourcemanager.googleapis.com/v1/projects/platinum-crm-a0fcf:testIamPermissions [none]
[debug] [2024-05-10T22:22:01.742Z] >>> [apiv2][(partial)header] POST https://cloudresourcemanager.googleapis.com/v1/projects/platinum-crm-a0fcf:testIamPermissions x-goog-quota-user=projects/platinum-crm-a0fcf
[debug] [2024-05-10T22:22:01.743Z] >>> [apiv2][body] POST https://cloudresourcemanager.googleapis.com/v1/projects/platinum-crm-a0fcf:testIamPermissions {"permissions":["cloudfunctions.functions.create","cloudfunctions.functions.delete","cloudfunctions.functions.get","cloudfunctions.functions.list","cloudfunctions.functions.update","cloudfunctions.operations.get","firebase.projects.get"]}
[debug] [2024-05-10T22:22:02.868Z] <<< [apiv2][status] POST https://cloudresourcemanager.googleapis.com/v1/projects/platinum-crm-a0fcf:testIamPermissions 200
[debug] [2024-05-10T22:22:02.869Z] <<< [apiv2][body] POST https://cloudresourcemanager.googleapis.com/v1/projects/platinum-crm-a0fcf:testIamPermissions {"permissions":["cloudfunctions.functions.create","cloudfunctions.functions.delete","cloudfunctions.functions.get","cloudfunctions.functions.list","cloudfunctions.functions.update","cloudfunctions.operations.get","firebase.projects.get"]}
[debug] [2024-05-10T22:22:02.871Z] >>> [apiv2][query] POST https://iam.googleapis.com/v1/projects/platinum-crm-a0fcf/serviceAccounts/platinum-crm-a0fcf@appspot.gserviceaccount.com:testIamPermissions [none]
[debug] [2024-05-10T22:22:02.872Z] >>> [apiv2][body] POST https://iam.googleapis.com/v1/projects/platinum-crm-a0fcf/serviceAccounts/platinum-crm-a0fcf@appspot.gserviceaccount.com:testIamPermissions {"permissions":["iam.serviceAccounts.actAs"]}
[debug] [2024-05-10T22:22:03.904Z] <<< [apiv2][status] POST https://iam.googleapis.com/v1/projects/platinum-crm-a0fcf/serviceAccounts/platinum-crm-a0fcf@appspot.gserviceaccount.com:testIamPermissions 200
[debug] [2024-05-10T22:22:03.905Z] <<< [apiv2][body] POST https://iam.googleapis.com/v1/projects/platinum-crm-a0fcf/serviceAccounts/platinum-crm-a0fcf@appspot.gserviceaccount.com:testIamPermissions {"permissions":["iam.serviceAccounts.actAs"]}
[info] 
[info] === Deploying to 'platinum-crm-a0fcf'...
[info] 
[info] i  deploying functions 
[info] Running command: npm --prefix "$RESOURCE_DIR" run lint
[info] Running command: npm --prefix "$RESOURCE_DIR" run build
[info] +  functions: Finished running predeploy script. 
[debug] [2024-05-10T22:22:17.392Z] >>> [apiv2][query] GET https://firebase.googleapis.com/v1beta1/projects/platinum-crm-a0fcf [none]
[debug] [2024-05-10T22:22:18.015Z] <<< [apiv2][status] GET https://firebase.googleapis.com/v1beta1/projects/platinum-crm-a0fcf 200
[debug] [2024-05-10T22:22:18.016Z] <<< [apiv2][body] GET https://firebase.googleapis.com/v1beta1/projects/platinum-crm-a0fcf {"projectId":"platinum-crm-a0fcf","projectNumber":"392282937222","displayName":"platinum-crm","name":"projects/platinum-crm-a0fcf","resources":{"hostingSite":"platinum-crm-a0fcf","storageBucket":"platinum-crm-a0fcf.appspot.com","locationId":"us-central"},"state":"ACTIVE","etag":"1_b012f491-13c4-4491-b9fd-1316b9e9b4b9"}
[info] i  functions: preparing codebase default for deployment 
[info] i  functions: ensuring required API cloudfunctions.googleapis.com is enabled... 
[info] i  functions: ensuring required API cloudbuild.googleapis.com is enabled... 
[info] i  artifactregistry: ensuring required API artifactregistry.googleapis.com is enabled... 
[debug] [2024-05-10T22:22:18.020Z] >>> [apiv2][query] GET https://serviceusage.googleapis.com/v1/projects/platinum-crm-a0fcf/services/cloudfunctions.googleapis.com [none]
[debug] [2024-05-10T22:22:18.020Z] >>> [apiv2][(partial)header] GET https://serviceusage.googleapis.com/v1/projects/platinum-crm-a0fcf/services/cloudfunctions.googleapis.com x-goog-quota-user=projects/platinum-crm-a0fcf
[debug] [2024-05-10T22:22:18.022Z] >>> [apiv2][query] GET https://serviceusage.googleapis.com/v1/projects/platinum-crm-a0fcf/services/runtimeconfig.googleapis.com [none]
[debug] [2024-05-10T22:22:18.022Z] >>> [apiv2][(partial)header] GET https://serviceusage.googleapis.com/v1/projects/platinum-crm-a0fcf/services/runtimeconfig.googleapis.com x-goog-quota-user=projects/platinum-crm-a0fcf
[debug] [2024-05-10T22:22:18.024Z] >>> [apiv2][query] GET https://serviceusage.googleapis.com/v1/projects/platinum-crm-a0fcf/services/cloudbuild.googleapis.com [none]
[debug] [2024-05-10T22:22:18.024Z] >>> [apiv2][(partial)header] GET https://serviceusage.googleapis.com/v1/projects/platinum-crm-a0fcf/services/cloudbuild.googleapis.com x-goog-quota-user=projects/platinum-crm-a0fcf
[debug] [2024-05-10T22:22:18.026Z] >>> [apiv2][query] GET https://serviceusage.googleapis.com/v1/projects/platinum-crm-a0fcf/services/artifactregistry.googleapis.com [none]
[debug] [2024-05-10T22:22:18.026Z] >>> [apiv2][(partial)header] GET https://serviceusage.googleapis.com/v1/projects/platinum-crm-a0fcf/services/artifactregistry.googleapis.com x-goog-quota-user=projects/platinum-crm-a0fcf
[debug] [2024-05-10T22:22:19.410Z] <<< [apiv2][status] GET https://serviceusage.googleapis.com/v1/projects/platinum-crm-a0fcf/services/cloudfunctions.googleapis.com 200
[debug] [2024-05-10T22:22:19.411Z] <<< [apiv2][body] GET https://serviceusage.googleapis.com/v1/projects/platinum-crm-a0fcf/services/cloudfunctions.googleapis.com [omitted]
[info] +  functions: required API cloudfunctions.googleapis.com is enabled 
[debug] [2024-05-10T22:22:19.426Z] <<< [apiv2][status] GET https://serviceusage.googleapis.com/v1/projects/platinum-crm-a0fcf/services/cloudbuild.googleapis.com 200
[debug] [2024-05-10T22:22:19.427Z] <<< [apiv2][body] GET https://serviceusage.googleapis.com/v1/projects/platinum-crm-a0fcf/services/cloudbuild.googleapis.com [omitted]
[info] +  functions: required API cloudbuild.googleapis.com is enabled 
[debug] [2024-05-10T22:22:19.431Z] <<< [apiv2][status] GET https://serviceusage.googleapis.com/v1/projects/platinum-crm-a0fcf/services/runtimeconfig.googleapis.com 200
[debug] [2024-05-10T22:22:19.432Z] <<< [apiv2][body] GET https://serviceusage.googleapis.com/v1/projects/platinum-crm-a0fcf/services/runtimeconfig.googleapis.com [omitted]
[debug] [2024-05-10T22:22:19.435Z] <<< [apiv2][status] GET https://serviceusage.googleapis.com/v1/projects/platinum-crm-a0fcf/services/artifactregistry.googleapis.com 200
[debug] [2024-05-10T22:22:19.436Z] <<< [apiv2][body] GET https://serviceusage.googleapis.com/v1/projects/platinum-crm-a0fcf/services/artifactregistry.googleapis.com [omitted]
[info] +  artifactregistry: required API artifactregistry.googleapis.com is enabled 
[debug] [2024-05-10T22:22:19.438Z] >>> [apiv2][query] GET https://firebase.googleapis.com/v1beta1/projects/platinum-crm-a0fcf/adminSdkConfig [none]
[debug] [2024-05-10T22:22:20.342Z] <<< [apiv2][status] GET https://firebase.googleapis.com/v1beta1/projects/platinum-crm-a0fcf/adminSdkConfig 200
[debug] [2024-05-10T22:22:20.342Z] <<< [apiv2][body] GET https://firebase.googleapis.com/v1beta1/projects/platinum-crm-a0fcf/adminSdkConfig {"projectId":"platinum-crm-a0fcf","storageBucket":"platinum-crm-a0fcf.appspot.com","locationId":"us-central"}
[debug] [2024-05-10T22:22:20.343Z] >>> [apiv2][query] GET https://runtimeconfig.googleapis.com/v1beta1/projects/platinum-crm-a0fcf/configs [none]
[debug] [2024-05-10T22:22:21.527Z] <<< [apiv2][status] GET https://runtimeconfig.googleapis.com/v1beta1/projects/platinum-crm-a0fcf/configs 200
[debug] [2024-05-10T22:22:21.528Z] <<< [apiv2][body] GET https://runtimeconfig.googleapis.com/v1beta1/projects/platinum-crm-a0fcf/configs {}
[debug] [2024-05-10T22:22:21.535Z] Validating nodejs source
[debug] [2024-05-10T22:22:23.158Z] > [functions] package.json contents: {
  "name": "functions",
  "scripts": {
    "lint": "eslint --ext .js,.ts .",
    "build": "tsc",
    "build:watch": "tsc --watch",
    "serve": "npm run build && firebase emulators:start --only functions",
    "shell": "npm run build && firebase functions:shell",
    "start": "npm run shell",
    "deploy": "firebase deploy --only functions",
    "logs": "firebase functions:log"
  },
  "engines": {
    "node": "18"
  },
  "main": "lib/index.js",
  "dependencies": {
    "firebase-admin": "^12.1.0",
    "firebase-functions": "^5.0.0"
  },
  "devDependencies": {
    "@typescript-eslint/eslint-plugin": "^5.12.0",
    "@typescript-eslint/parser": "^5.12.0",
    "eslint": "^8.9.0",
    "eslint-config-google": "^0.14.0",
    "eslint-plugin-import": "^2.25.4",
    "firebase-functions-test": "^3.1.0",
    "typescript": "^4.9.0"
  },
  "private": true
}
[debug] [2024-05-10T22:22:23.161Z] Building nodejs source
[info] i  functions: Loading and analyzing source code for codebase default to determine what to deploy 
[debug] [2024-05-10T22:22:23.163Z] Could not find functions.yaml. Must use http discovery
[debug] [2024-05-10T22:22:23.177Z] Found firebase-functions binary at 'C:\Users\jyldy\programming\platinum-crm\node_modules\.bin\firebase-functions'
[info] Serving at port 8780

[debug] [2024-05-10T22:22:23.884Z] Got response from /__/functions.yaml {"endpoints":{"dailyBalanceUpdate":{"platform":"gcfv1","availableMemoryMb":null,"timeoutSeconds":null,"minInstances":null,"maxInstances":null,"ingressSettings":null,"serviceAccountEmail":null,"vpc":null,"scheduleTrigger":{"schedule":"0 0 * * *","retryConfig":{"retryCount":null,"maxDoublings":null,"maxRetryDuration":null,"maxBackoffDuration":null,"minBackoffDuration":null},"timeZone":"Asia/Bishkek"},"labels":{},"entryPoint":"dailyBalanceUpdate"}},"specVersion":"v1alpha1","requiredAPIs":[{"api":"cloudscheduler.googleapis.com","reason":"Needed for scheduled functions."}]}
[info] i  functions: preparing functions directory for uploading... 
[info] i  functions: packaged C:\Users\jyldy\programming\platinum-crm\functions (4.99 KB) for uploading 
[debug] [2024-05-10T22:22:28.963Z] >>> [apiv2][query] GET https://cloudfunctions.googleapis.com/v1/projects/platinum-crm-a0fcf/locations/-/functions [none]
[debug] [2024-05-10T22:22:31.831Z] <<< [apiv2][status] GET https://cloudfunctions.googleapis.com/v1/projects/platinum-crm-a0fcf/locations/-/functions 200
[debug] [2024-05-10T22:22:31.831Z] <<< [apiv2][body] GET https://cloudfunctions.googleapis.com/v1/projects/platinum-crm-a0fcf/locations/-/functions {"functions":[{"name":"projects/platinum-crm-a0fcf/locations/us-central1/functions/dailyBalanceUpdate","eventTrigger":{"eventType":"google.pubsub.topic.publish","resource":"projects/platinum-crm-a0fcf/topics/firebase-schedule-dailyBalanceUpdate-us-central1","service":"pubsub.googleapis.com","failurePolicy":{}},"status":"ACTIVE","entryPoint":"dailyBalanceUpdate","timeout":"60s","availableMemoryMb":256,"serviceAccountEmail":"platinum-crm-a0fcf@appspot.gserviceaccount.com","updateTime":"2024-05-10T22:04:26.706Z","versionId":"7","labels":{"deployment-tool":"cli-firebase","deployment-scheduled":"true","firebase-functions-hash":"941f4d3e271c2b37d3da5a714c763c2e7997531f"},"sourceUploadUrl":"https://storage.googleapis.com/uploads-571626731811.us-central1.cloudfunctions.appspot.com/b3bb55c2-579e-4259-b393-2da30eeacb0b.zip","environmentVariables":{"FIREBASE_CONFIG":"{\"projectId\":\"platinum-crm-a0fcf\",\"storageBucket\":\"platinum-crm-a0fcf.appspot.com\",\"locationId\":\"us-central\"}","GCLOUD_PROJECT":"platinum-crm-a0fcf","EVENTARC_CLOUD_EVENT_SOURCE":"projects/platinum-crm-a0fcf/locations/us-central1/functions/dailyBalanceUpdate"},"runtime":"nodejs18","maxInstances":3000,"ingressSettings":"ALLOW_ALL","buildId":"de6433df-2c3f-427c-9971-b3f3ed3460dc","buildEnvironmentVariables":{"GOOGLE_NODE_RUN_SCRIPTS":""},"buildName":"projects/392282937222/locations/us-central1/builds/de6433df-2c3f-427c-9971-b3f3ed3460dc","dockerRegistry":"ARTIFACT_REGISTRY","automaticUpdatePolicy":{}}]}
[debug] [2024-05-10T22:22:31.833Z] >>> [apiv2][query] GET https://cloudfunctions.googleapis.com/v2/projects/platinum-crm-a0fcf/locations/-/functions filter=environment%3D%22GEN_2%22
[debug] [2024-05-10T22:22:33.035Z] <<< [apiv2][status] GET https://cloudfunctions.googleapis.com/v2/projects/platinum-crm-a0fcf/locations/-/functions 200
[debug] [2024-05-10T22:22:33.036Z] <<< [apiv2][body] GET https://cloudfunctions.googleapis.com/v2/projects/platinum-crm-a0fcf/locations/-/functions {}
[info] i  functions: ensuring required API cloudscheduler.googleapis.com is enabled... 
[debug] [2024-05-10T22:22:33.044Z] >>> [apiv2][query] GET https://serviceusage.googleapis.com/v1/projects/platinum-crm-a0fcf/services/cloudscheduler.googleapis.com [none]
[debug] [2024-05-10T22:22:33.044Z] >>> [apiv2][(partial)header] GET https://serviceusage.googleapis.com/v1/projects/platinum-crm-a0fcf/services/cloudscheduler.googleapis.com x-goog-quota-user=projects/platinum-crm-a0fcf
[debug] [2024-05-10T22:22:34.309Z] <<< [apiv2][status] GET https://serviceusage.googleapis.com/v1/projects/platinum-crm-a0fcf/services/cloudscheduler.googleapis.com 200
[debug] [2024-05-10T22:22:34.310Z] <<< [apiv2][body] GET https://serviceusage.googleapis.com/v1/projects/platinum-crm-a0fcf/services/cloudscheduler.googleapis.com [omitted]
[info] +  functions: required API cloudscheduler.googleapis.com is enabled 
[debug] [2024-05-10T22:22:34.313Z] >>> [apiv2][query] GET https://firebase.googleapis.com/v1beta1/projects/platinum-crm-a0fcf [none]
[debug] [2024-05-10T22:22:34.886Z] <<< [apiv2][status] GET https://firebase.googleapis.com/v1beta1/projects/platinum-crm-a0fcf 200
[debug] [2024-05-10T22:22:34.886Z] <<< [apiv2][body] GET https://firebase.googleapis.com/v1beta1/projects/platinum-crm-a0fcf {"projectId":"platinum-crm-a0fcf","projectNumber":"392282937222","displayName":"platinum-crm","name":"projects/platinum-crm-a0fcf","resources":{"hostingSite":"platinum-crm-a0fcf","storageBucket":"platinum-crm-a0fcf.appspot.com","locationId":"us-central"},"state":"ACTIVE","etag":"1_b012f491-13c4-4491-b9fd-1316b9e9b4b9"}
[debug] [2024-05-10T22:22:34.888Z] >>> [apiv2][query] POST https://cloudfunctions.googleapis.com/v1/projects/platinum-crm-a0fcf/locations/us-central1/functions:generateUploadUrl [none]
[debug] [2024-05-10T22:22:34.888Z] >>> [apiv2][body] POST https://cloudfunctions.googleapis.com/v1/projects/platinum-crm-a0fcf/locations/us-central1/functions:generateUploadUrl {}
[debug] [2024-05-10T22:22:35.642Z] <<< [apiv2][status] POST https://cloudfunctions.googleapis.com/v1/projects/platinum-crm-a0fcf/locations/us-central1/functions:generateUploadUrl 200
[debug] [2024-05-10T22:22:35.643Z] <<< [apiv2][body] POST https://cloudfunctions.googleapis.com/v1/projects/platinum-crm-a0fcf/locations/us-central1/functions:generateUploadUrl {"uploadUrl":"https://storage.googleapis.com/uploads-571626731811.us-central1.cloudfunctions.appspot.com/05babc12-586e-431d-b1d5-19225e982058.zip?GoogleAccessId=service-392282937222@gcf-admin-robot.iam.gserviceaccount.com&Expires=1715381554&Signature=x9LOQqWEuCrZce33maVHNWnACDL1ddXTBIursC7y%2FwD%2BWP1MxKSMH7tKpmGPVEXA6%2BDuK03FKMAb3dWr6c4n5h6pkCG2A4%2BkzlN9S6Q31Yw4ou11hHAmFferlSmbAhol3Y8eiKwq4UOjzzcvJE4W%2Fn%2FG6UmdfZr3idXFdD9krSTX97KFl2%2BjQntfwPSEg%2FgkE4Tcb7pWMuHE4pCUhsS%2FBsQTA8v7T2n02H6VB6kiL2mVTO%2BXP7czGCR2%2BQaktYKQFHOIoNw6BmoM%2F09JRuX5%2FhAVTeNTmsO36Dkz1p3H6%2F04EsmJ23DTNLl3IXlCsL5HwDBNHCbJo9fYbAHhbFJuJg%3D%3D"}
[debug] [2024-05-10T22:22:35.649Z] >>> [apiv2][query] PUT https://storage.googleapis.com/uploads-571626731811.us-central1.cloudfunctions.appspot.com/05babc12-586e-431d-b1d5-19225e982058.zip GoogleAccessId=service-392282937222%40gcf-admin-robot.iam.gserviceaccount.com&Expires=1715381554&Signature=x9LOQqWEuCrZce33maVHNWnACDL1ddXTBIursC7y%2FwD%2BWP1MxKSMH7tKpmGPVEXA6%2BDuK03FKMAb3dWr6c4n5h6pkCG2A4%2BkzlN9S6Q31Yw4ou11hHAmFferlSmbAhol3Y8eiKwq4UOjzzcvJE4W%2Fn%2FG6UmdfZr3idXFdD9krSTX97KFl2%2BjQntfwPSEg%2FgkE4Tcb7pWMuHE4pCUhsS%2FBsQTA8v7T2n02H6VB6kiL2mVTO%2BXP7czGCR2%2BQaktYKQFHOIoNw6BmoM%2F09JRuX5%2FhAVTeNTmsO36Dkz1p3H6%2F04EsmJ23DTNLl3IXlCsL5HwDBNHCbJo9fYbAHhbFJuJg%3D%3D
[debug] [2024-05-10T22:22:35.652Z] >>> [apiv2][body] PUT https://storage.googleapis.com/uploads-571626731811.us-central1.cloudfunctions.appspot.com/05babc12-586e-431d-b1d5-19225e982058.zip [stream]
[debug] [2024-05-10T22:22:36.398Z] <<< [apiv2][status] PUT https://storage.googleapis.com/uploads-571626731811.us-central1.cloudfunctions.appspot.com/05babc12-586e-431d-b1d5-19225e982058.zip 200
[debug] [2024-05-10T22:22:36.398Z] <<< [apiv2][body] PUT https://storage.googleapis.com/uploads-571626731811.us-central1.cloudfunctions.appspot.com/05babc12-586e-431d-b1d5-19225e982058.zip [omitted]
[info] +  functions: functions folder uploaded successfully 
[info] i  functions: updating Node.js 18 (1st Gen) function dailyBalanceUpdate(us-central1)... 
[debug] [2024-05-10T22:22:36.402Z] >>> [apiv2][query] PATCH https://cloudfunctions.googleapis.com/v1/projects/platinum-crm-a0fcf/locations/us-central1/functions/dailyBalanceUpdate updateMask=name%2CsourceUploadUrl%2CentryPoint%2Cruntime%2CdockerRegistry%2Clabels%2CeventTrigger.eventType%2CeventTrigger.resource%2CminInstances%2CmaxInstances%2CingressSettings%2CenvironmentVariables%2CserviceAccountEmail%2CavailableMemoryMb%2Ctimeout%2CvpcConnector%2CvpcConnectorEgressSettings%2CsourceToken%2CbuildEnvironmentVariables
[debug] [2024-05-10T22:22:36.403Z] >>> [apiv2][body] PATCH https://cloudfunctions.googleapis.com/v1/projects/platinum-crm-a0fcf/locations/us-central1/functions/dailyBalanceUpdate {"name":"projects/platinum-crm-a0fcf/locations/us-central1/functions/dailyBalanceUpdate","sourceUploadUrl":"https://storage.googleapis.com/uploads-571626731811.us-central1.cloudfunctions.appspot.com/05babc12-586e-431d-b1d5-19225e982058.zip?GoogleAccessId=service-392282937222@gcf-admin-robot.iam.gserviceaccount.com&Expires=1715381554&Signature=x9LOQqWEuCrZce33maVHNWnACDL1ddXTBIursC7y%2FwD%2BWP1MxKSMH7tKpmGPVEXA6%2BDuK03FKMAb3dWr6c4n5h6pkCG2A4%2BkzlN9S6Q31Yw4ou11hHAmFferlSmbAhol3Y8eiKwq4UOjzzcvJE4W%2Fn%2FG6UmdfZr3idXFdD9krSTX97KFl2%2BjQntfwPSEg%2FgkE4Tcb7pWMuHE4pCUhsS%2FBsQTA8v7T2n02H6VB6kiL2mVTO%2BXP7czGCR2%2BQaktYKQFHOIoNw6BmoM%2F09JRuX5%2FhAVTeNTmsO36Dkz1p3H6%2F04EsmJ23DTNLl3IXlCsL5HwDBNHCbJo9fYbAHhbFJuJg%3D%3D","entryPoint":"dailyBalanceUpdate","runtime":"nodejs18","dockerRegistry":"ARTIFACT_REGISTRY","labels":{"deployment-tool":"cli-firebase","deployment-scheduled":"true","firebase-functions-hash":"9ca9f3ac84ee1cdf1ff1306b4ee30bfd7be1dbec"},"eventTrigger":{"eventType":"google.pubsub.topic.publish","resource":"projects/platinum-crm-a0fcf/topics/firebase-schedule-dailyBalanceUpdate-us-central1"},"minInstances":null,"maxInstances":null,"ingressSettings":null,"environmentVariables":{"FIREBASE_CONFIG":"{\"projectId\":\"platinum-crm-a0fcf\",\"storageBucket\":\"platinum-crm-a0fcf.appspot.com\",\"locationId\":\"us-central\"}","GCLOUD_PROJECT":"platinum-crm-a0fcf","EVENTARC_CLOUD_EVENT_SOURCE":"projects/platinum-crm-a0fcf/locations/us-central1/functions/dailyBalanceUpdate"},"serviceAccountEmail":null,"availableMemoryMb":null,"timeout":null,"vpcConnector":null,"vpcConnectorEgressSettings":null,"buildEnvironmentVariables":{"GOOGLE_NODE_RUN_SCRIPTS":""}}
[debug] [2024-05-10T22:22:37.300Z] <<< [apiv2][status] PATCH https://cloudfunctions.googleapis.com/v1/projects/platinum-crm-a0fcf/locations/us-central1/functions/dailyBalanceUpdate 200
[debug] [2024-05-10T22:22:37.301Z] <<< [apiv2][body] PATCH https://cloudfunctions.googleapis.com/v1/projects/platinum-crm-a0fcf/locations/us-central1/functions/dailyBalanceUpdate {"name":"operations/cGxhdGludW0tY3JtLWEwZmNmL3VzLWNlbnRyYWwxL2RhaWx5QmFsYW5jZVVwZGF0ZS85dndpOWVVaThEaw","metadata":{"@type":"type.googleapis.com/google.cloud.functions.v1.OperationMetadataV1","target":"projects/platinum-crm-a0fcf/locations/us-central1/functions/dailyBalanceUpdate","type":"UPDATE_FUNCTION","request":{"@type":"type.googleapis.com/google.cloud.functions.v1.CloudFunction","name":"projects/platinum-crm-a0fcf/locations/us-central1/functions/dailyBalanceUpdate","eventTrigger":{"eventType":"google.pubsub.topic.publish","resource":"projects/platinum-crm-a0fcf/topics/firebase-schedule-dailyBalanceUpdate-us-central1","service":"pubsub.googleapis.com","failurePolicy":{}},"status":"ACTIVE","entryPoint":"dailyBalanceUpdate","updateTime":"2024-05-10T22:04:26.706Z","versionId":"7","labels":{"deployment-tool":"cli-firebase","deployment-scheduled":"true","firebase-functions-hash":"9ca9f3ac84ee1cdf1ff1306b4ee30bfd7be1dbec"},"sourceUploadUrl":"https://storage.googleapis.com/uploads-571626731811.us-central1.cloudfunctions.appspot.com/05babc12-586e-431d-b1d5-19225e982058.zip?GoogleAccessId=service-392282937222@gcf-admin-robot.iam.gserviceaccount.com&Expires=1715381554&Signature=x9LOQqWEuCrZce33maVHNWnACDL1ddXTBIursC7y%2FwD%2BWP1MxKSMH7tKpmGPVEXA6%2BDuK03FKMAb3dWr6c4n5h6pkCG2A4%2BkzlN9S6Q31Yw4ou11hHAmFferlSmbAhol3Y8eiKwq4UOjzzcvJE4W%2Fn%2FG6UmdfZr3idXFdD9krSTX97KFl2%2BjQntfwPSEg%2FgkE4Tcb7pWMuHE4pCUhsS%2FBsQTA8v7T2n02H6VB6kiL2mVTO%2BXP7czGCR2%2BQaktYKQFHOIoNw6BmoM%2F09JRuX5%2FhAVTeNTmsO36Dkz1p3H6%2F04EsmJ23DTNLl3IXlCsL5HwDBNHCbJo9fYbAHhbFJuJg%3D%3D","environmentVariables":{"FIREBASE_CONFIG":"{\"projectId\":\"platinum-crm-a0fcf\",\"storageBucket\":\"platinum-crm-a0fcf.appspot.com\",\"locationId\":\"us-central\"}","GCLOUD_PROJECT":"platinum-crm-a0fcf","EVENTARC_CLOUD_EVENT_SOURCE":"projects/platinum-crm-a0fcf/locations/us-central1/functions/dailyBalanceUpdate"},"runtime":"nodejs18","buildId":"de6433df-2c3f-427c-9971-b3f3ed3460dc","buildEnvironmentVariables":{"GOOGLE_NODE_RUN_SCRIPTS":""},"buildName":"projects/392282937222/locations/us-central1/builds/de6433df-2c3f-427c-9971-b3f3ed3460dc","dockerRegistry":"ARTIFACT_REGISTRY","automaticUpdatePolicy":{}},"versionId":"8","updateTime":"2024-05-10T22:22:36Z"}}
[debug] [2024-05-10T22:22:37.302Z] >>> [apiv2][query] GET https://cloudfunctions.googleapis.com/v1/operations/cGxhdGludW0tY3JtLWEwZmNmL3VzLWNlbnRyYWwxL2RhaWx5QmFsYW5jZVVwZGF0ZS85dndpOWVVaThEaw [none]
[debug] [2024-05-10T22:22:37.640Z] <<< [apiv2][status] GET https://cloudfunctions.googleapis.com/v1/operations/cGxhdGludW0tY3JtLWEwZmNmL3VzLWNlbnRyYWwxL2RhaWx5QmFsYW5jZVVwZGF0ZS85dndpOWVVaThEaw 200
[debug] [2024-05-10T22:22:37.642Z] <<< [apiv2][body] GET https://cloudfunctions.googleapis.com/v1/operations/cGxhdGludW0tY3JtLWEwZmNmL3VzLWNlbnRyYWwxL2RhaWx5QmFsYW5jZVVwZGF0ZS85dndpOWVVaThEaw {"name":"operations/cGxhdGludW0tY3JtLWEwZmNmL3VzLWNlbnRyYWwxL2RhaWx5QmFsYW5jZVVwZGF0ZS85dndpOWVVaThEaw","metadata":{"@type":"type.googleapis.com/google.cloud.functions.v1.OperationMetadataV1","target":"projects/platinum-crm-a0fcf/locations/us-central1/functions/dailyBalanceUpdate","type":"UPDATE_FUNCTION","request":{"@type":"type.googleapis.com/google.cloud.functions.v1.CloudFunction","name":"projects/platinum-crm-a0fcf/locations/us-central1/functions/dailyBalanceUpdate","eventTrigger":{"eventType":"google.pubsub.topic.publish","resource":"projects/platinum-crm-a0fcf/topics/firebase-schedule-dailyBalanceUpdate-us-central1","service":"pubsub.googleapis.com","failurePolicy":{}},"status":"ACTIVE","entryPoint":"dailyBalanceUpdate","updateTime":"2024-05-10T22:04:26.706Z","versionId":"7","labels":{"deployment-tool":"cli-firebase","deployment-scheduled":"true","firebase-functions-hash":"9ca9f3ac84ee1cdf1ff1306b4ee30bfd7be1dbec"},"sourceUploadUrl":"https://storage.googleapis.com/uploads-571626731811.us-central1.cloudfunctions.appspot.com/05babc12-586e-431d-b1d5-19225e982058.zip?GoogleAccessId=service-392282937222@gcf-admin-robot.iam.gserviceaccount.com&Expires=1715381554&Signature=x9LOQqWEuCrZce33maVHNWnACDL1ddXTBIursC7y%2FwD%2BWP1MxKSMH7tKpmGPVEXA6%2BDuK03FKMAb3dWr6c4n5h6pkCG2A4%2BkzlN9S6Q31Yw4ou11hHAmFferlSmbAhol3Y8eiKwq4UOjzzcvJE4W%2Fn%2FG6UmdfZr3idXFdD9krSTX97KFl2%2BjQntfwPSEg%2FgkE4Tcb7pWMuHE4pCUhsS%2FBsQTA8v7T2n02H6VB6kiL2mVTO%2BXP7czGCR2%2BQaktYKQFHOIoNw6BmoM%2F09JRuX5%2FhAVTeNTmsO36Dkz1p3H6%2F04EsmJ23DTNLl3IXlCsL5HwDBNHCbJo9fYbAHhbFJuJg%3D%3D","environmentVariables":{"FIREBASE_CONFIG":"{\"projectId\":\"platinum-crm-a0fcf\",\"storageBucket\":\"platinum-crm-a0fcf.appspot.com\",\"locationId\":\"us-central\"}","GCLOUD_PROJECT":"platinum-crm-a0fcf","EVENTARC_CLOUD_EVENT_SOURCE":"projects/platinum-crm-a0fcf/locations/us-central1/functions/dailyBalanceUpdate"},"runtime":"nodejs18","buildId":"de6433df-2c3f-427c-9971-b3f3ed3460dc","buildEnvironmentVariables":{"GOOGLE_NODE_RUN_SCRIPTS":""},"buildName":"projects/392282937222/locations/us-central1/builds/de6433df-2c3f-427c-9971-b3f3ed3460dc","dockerRegistry":"ARTIFACT_REGISTRY","automaticUpdatePolicy":{}},"versionId":"8","updateTime":"2024-05-10T22:22:36Z"}}
[debug] [2024-05-10T22:22:38.149Z] [update-default-us-central1-dailyBalanceUpdate] Retrying task index 0
[debug] [2024-05-10T22:22:38.151Z] >>> [apiv2][query] GET https://cloudfunctions.googleapis.com/v1/operations/cGxhdGludW0tY3JtLWEwZmNmL3VzLWNlbnRyYWwxL2RhaWx5QmFsYW5jZVVwZGF0ZS85dndpOWVVaThEaw [none]
[debug] [2024-05-10T22:22:38.680Z] <<< [apiv2][status] GET https://cloudfunctions.googleapis.com/v1/operations/cGxhdGludW0tY3JtLWEwZmNmL3VzLWNlbnRyYWwxL2RhaWx5QmFsYW5jZVVwZGF0ZS85dndpOWVVaThEaw 200
[debug] [2024-05-10T22:22:38.681Z] <<< [apiv2][body] GET https://cloudfunctions.googleapis.com/v1/operations/cGxhdGludW0tY3JtLWEwZmNmL3VzLWNlbnRyYWwxL2RhaWx5QmFsYW5jZVVwZGF0ZS85dndpOWVVaThEaw {"name":"operations/cGxhdGludW0tY3JtLWEwZmNmL3VzLWNlbnRyYWwxL2RhaWx5QmFsYW5jZVVwZGF0ZS85dndpOWVVaThEaw","metadata":{"@type":"type.googleapis.com/google.cloud.functions.v1.OperationMetadataV1","target":"projects/platinum-crm-a0fcf/locations/us-central1/functions/dailyBalanceUpdate","type":"UPDATE_FUNCTION","request":{"@type":"type.googleapis.com/google.cloud.functions.v1.CloudFunction","name":"projects/platinum-crm-a0fcf/locations/us-central1/functions/dailyBalanceUpdate","eventTrigger":{"eventType":"google.pubsub.topic.publish","resource":"projects/platinum-crm-a0fcf/topics/firebase-schedule-dailyBalanceUpdate-us-central1","service":"pubsub.googleapis.com","failurePolicy":{}},"status":"ACTIVE","entryPoint":"dailyBalanceUpdate","updateTime":"2024-05-10T22:04:26.706Z","versionId":"7","labels":{"deployment-tool":"cli-firebase","deployment-scheduled":"true","firebase-functions-hash":"9ca9f3ac84ee1cdf1ff1306b4ee30bfd7be1dbec"},"sourceUploadUrl":"https://storage.googleapis.com/uploads-571626731811.us-central1.cloudfunctions.appspot.com/05babc12-586e-431d-b1d5-19225e982058.zip?GoogleAccessId=service-392282937222@gcf-admin-robot.iam.gserviceaccount.com&Expires=1715381554&Signature=x9LOQqWEuCrZce33maVHNWnACDL1ddXTBIursC7y%2FwD%2BWP1MxKSMH7tKpmGPVEXA6%2BDuK03FKMAb3dWr6c4n5h6pkCG2A4%2BkzlN9S6Q31Yw4ou11hHAmFferlSmbAhol3Y8eiKwq4UOjzzcvJE4W%2Fn%2FG6UmdfZr3idXFdD9krSTX97KFl2%2BjQntfwPSEg%2FgkE4Tcb7pWMuHE4pCUhsS%2FBsQTA8v7T2n02H6VB6kiL2mVTO%2BXP7czGCR2%2BQaktYKQFHOIoNw6BmoM%2F09JRuX5%2FhAVTeNTmsO36Dkz1p3H6%2F04EsmJ23DTNLl3IXlCsL5HwDBNHCbJo9fYbAHhbFJuJg%3D%3D","environmentVariables":{"FIREBASE_CONFIG":"{\"projectId\":\"platinum-crm-a0fcf\",\"storageBucket\":\"platinum-crm-a0fcf.appspot.com\",\"locationId\":\"us-central\"}","GCLOUD_PROJECT":"platinum-crm-a0fcf","EVENTARC_CLOUD_EVENT_SOURCE":"projects/platinum-crm-a0fcf/locations/us-central1/functions/dailyBalanceUpdate"},"runtime":"nodejs18","buildId":"de6433df-2c3f-427c-9971-b3f3ed3460dc","buildEnvironmentVariables":{"GOOGLE_NODE_RUN_SCRIPTS":""},"buildName":"projects/392282937222/locations/us-central1/builds/de6433df-2c3f-427c-9971-b3f3ed3460dc","dockerRegistry":"ARTIFACT_REGISTRY","automaticUpdatePolicy":{}},"versionId":"8","updateTime":"2024-05-10T22:22:36Z","buildId":"47f1c53e-0367-4ba6-addf-3adbd249c767","buildName":"projects/392282937222/locations/us-central1/builds/47f1c53e-0367-4ba6-addf-3adbd249c767"}}
[debug] [2024-05-10T22:22:39.686Z] [update-default-us-central1-dailyBalanceUpdate] Retrying task index 0
[debug] [2024-05-10T22:22:39.688Z] >>> [apiv2][query] GET https://cloudfunctions.googleapis.com/v1/operations/cGxhdGludW0tY3JtLWEwZmNmL3VzLWNlbnRyYWwxL2RhaWx5QmFsYW5jZVVwZGF0ZS85dndpOWVVaThEaw [none]
[debug] [2024-05-10T22:22:40.053Z] <<< [apiv2][status] GET https://cloudfunctions.googleapis.com/v1/operations/cGxhdGludW0tY3JtLWEwZmNmL3VzLWNlbnRyYWwxL2RhaWx5QmFsYW5jZVVwZGF0ZS85dndpOWVVaThEaw 200
[debug] [2024-05-10T22:22:40.054Z] <<< [apiv2][body] GET https://cloudfunctions.googleapis.com/v1/operations/cGxhdGludW0tY3JtLWEwZmNmL3VzLWNlbnRyYWwxL2RhaWx5QmFsYW5jZVVwZGF0ZS85dndpOWVVaThEaw {"name":"operations/cGxhdGludW0tY3JtLWEwZmNmL3VzLWNlbnRyYWwxL2RhaWx5QmFsYW5jZVVwZGF0ZS85dndpOWVVaThEaw","metadata":{"@type":"type.googleapis.com/google.cloud.functions.v1.OperationMetadataV1","target":"projects/platinum-crm-a0fcf/locations/us-central1/functions/dailyBalanceUpdate","type":"UPDATE_FUNCTION","request":{"@type":"type.googleapis.com/google.cloud.functions.v1.CloudFunction","name":"projects/platinum-crm-a0fcf/locations/us-central1/functions/dailyBalanceUpdate","eventTrigger":{"eventType":"google.pubsub.topic.publish","resource":"projects/platinum-crm-a0fcf/topics/firebase-schedule-dailyBalanceUpdate-us-central1","service":"pubsub.googleapis.com","failurePolicy":{}},"status":"ACTIVE","entryPoint":"dailyBalanceUpdate","updateTime":"2024-05-10T22:04:26.706Z","versionId":"7","labels":{"deployment-tool":"cli-firebase","deployment-scheduled":"true","firebase-functions-hash":"9ca9f3ac84ee1cdf1ff1306b4ee30bfd7be1dbec"},"sourceUploadUrl":"https://storage.googleapis.com/uploads-571626731811.us-central1.cloudfunctions.appspot.com/05babc12-586e-431d-b1d5-19225e982058.zip?GoogleAccessId=service-392282937222@gcf-admin-robot.iam.gserviceaccount.com&Expires=1715381554&Signature=x9LOQqWEuCrZce33maVHNWnACDL1ddXTBIursC7y%2FwD%2BWP1MxKSMH7tKpmGPVEXA6%2BDuK03FKMAb3dWr6c4n5h6pkCG2A4%2BkzlN9S6Q31Yw4ou11hHAmFferlSmbAhol3Y8eiKwq4UOjzzcvJE4W%2Fn%2FG6UmdfZr3idXFdD9krSTX97KFl2%2BjQntfwPSEg%2FgkE4Tcb7pWMuHE4pCUhsS%2FBsQTA8v7T2n02H6VB6kiL2mVTO%2BXP7czGCR2%2BQaktYKQFHOIoNw6BmoM%2F09JRuX5%2FhAVTeNTmsO36Dkz1p3H6%2F04EsmJ23DTNLl3IXlCsL5HwDBNHCbJo9fYbAHhbFJuJg%3D%3D","environmentVariables":{"FIREBASE_CONFIG":"{\"projectId\":\"platinum-crm-a0fcf\",\"storageBucket\":\"platinum-crm-a0fcf.appspot.com\",\"locationId\":\"us-central\"}","GCLOUD_PROJECT":"platinum-crm-a0fcf","EVENTARC_CLOUD_EVENT_SOURCE":"projects/platinum-crm-a0fcf/locations/us-central1/functions/dailyBalanceUpdate"},"runtime":"nodejs18","buildId":"de6433df-2c3f-427c-9971-b3f3ed3460dc","buildEnvironmentVariables":{"GOOGLE_NODE_RUN_SCRIPTS":""},"buildName":"projects/392282937222/locations/us-central1/builds/de6433df-2c3f-427c-9971-b3f3ed3460dc","dockerRegistry":"ARTIFACT_REGISTRY","automaticUpdatePolicy":{}},"versionId":"8","updateTime":"2024-05-10T22:22:36Z","buildId":"47f1c53e-0367-4ba6-addf-3adbd249c767","buildName":"projects/392282937222/locations/us-central1/builds/47f1c53e-0367-4ba6-addf-3adbd249c767"}}
[debug] [2024-05-10T22:22:42.064Z] [update-default-us-central1-dailyBalanceUpdate] Retrying task index 0
[debug] [2024-05-10T22:22:42.065Z] >>> [apiv2][query] GET https://cloudfunctions.googleapis.com/v1/operations/cGxhdGludW0tY3JtLWEwZmNmL3VzLWNlbnRyYWwxL2RhaWx5QmFsYW5jZVVwZGF0ZS85dndpOWVVaThEaw [none]
[debug] [2024-05-10T22:22:42.576Z] <<< [apiv2][status] GET https://cloudfunctions.googleapis.com/v1/operations/cGxhdGludW0tY3JtLWEwZmNmL3VzLWNlbnRyYWwxL2RhaWx5QmFsYW5jZVVwZGF0ZS85dndpOWVVaThEaw 200
[debug] [2024-05-10T22:22:42.577Z] <<< [apiv2][body] GET https://cloudfunctions.googleapis.com/v1/operations/cGxhdGludW0tY3JtLWEwZmNmL3VzLWNlbnRyYWwxL2RhaWx5QmFsYW5jZVVwZGF0ZS85dndpOWVVaThEaw {"name":"operations/cGxhdGludW0tY3JtLWEwZmNmL3VzLWNlbnRyYWwxL2RhaWx5QmFsYW5jZVVwZGF0ZS85dndpOWVVaThEaw","metadata":{"@type":"type.googleapis.com/google.cloud.functions.v1.OperationMetadataV1","target":"projects/platinum-crm-a0fcf/locations/us-central1/functions/dailyBalanceUpdate","type":"UPDATE_FUNCTION","request":{"@type":"type.googleapis.com/google.cloud.functions.v1.CloudFunction","name":"projects/platinum-crm-a0fcf/locations/us-central1/functions/dailyBalanceUpdate","eventTrigger":{"eventType":"google.pubsub.topic.publish","resource":"projects/platinum-crm-a0fcf/topics/firebase-schedule-dailyBalanceUpdate-us-central1","service":"pubsub.googleapis.com","failurePolicy":{}},"status":"ACTIVE","entryPoint":"dailyBalanceUpdate","updateTime":"2024-05-10T22:04:26.706Z","versionId":"7","labels":{"deployment-tool":"cli-firebase","deployment-scheduled":"true","firebase-functions-hash":"9ca9f3ac84ee1cdf1ff1306b4ee30bfd7be1dbec"},"sourceUploadUrl":"https://storage.googleapis.com/uploads-571626731811.us-central1.cloudfunctions.appspot.com/05babc12-586e-431d-b1d5-19225e982058.zip?GoogleAccessId=service-392282937222@gcf-admin-robot.iam.gserviceaccount.com&Expires=1715381554&Signature=x9LOQqWEuCrZce33maVHNWnACDL1ddXTBIursC7y%2FwD%2BWP1MxKSMH7tKpmGPVEXA6%2BDuK03FKMAb3dWr6c4n5h6pkCG2A4%2BkzlN9S6Q31Yw4ou11hHAmFferlSmbAhol3Y8eiKwq4UOjzzcvJE4W%2Fn%2FG6UmdfZr3idXFdD9krSTX97KFl2%2BjQntfwPSEg%2FgkE4Tcb7pWMuHE4pCUhsS%2FBsQTA8v7T2n02H6VB6kiL2mVTO%2BXP7czGCR2%2BQaktYKQFHOIoNw6BmoM%2F09JRuX5%2FhAVTeNTmsO36Dkz1p3H6%2F04EsmJ23DTNLl3IXlCsL5HwDBNHCbJo9fYbAHhbFJuJg%3D%3D","environmentVariables":{"FIREBASE_CONFIG":"{\"projectId\":\"platinum-crm-a0fcf\",\"storageBucket\":\"platinum-crm-a0fcf.appspot.com\",\"locationId\":\"us-central\"}","GCLOUD_PROJECT":"platinum-crm-a0fcf","EVENTARC_CLOUD_EVENT_SOURCE":"projects/platinum-crm-a0fcf/locations/us-central1/functions/dailyBalanceUpdate"},"runtime":"nodejs18","buildId":"de6433df-2c3f-427c-9971-b3f3ed3460dc","buildEnvironmentVariables":{"GOOGLE_NODE_RUN_SCRIPTS":""},"buildName":"projects/392282937222/locations/us-central1/builds/de6433df-2c3f-427c-9971-b3f3ed3460dc","dockerRegistry":"ARTIFACT_REGISTRY","automaticUpdatePolicy":{}},"versionId":"8","updateTime":"2024-05-10T22:22:36Z","buildId":"47f1c53e-0367-4ba6-addf-3adbd249c767","buildName":"projects/392282937222/locations/us-central1/builds/47f1c53e-0367-4ba6-addf-3adbd249c767"}}
[debug] [2024-05-10T22:22:46.593Z] [update-default-us-central1-dailyBalanceUpdate] Retrying task index 0
[debug] [2024-05-10T22:22:46.595Z] >>> [apiv2][query] GET https://cloudfunctions.googleapis.com/v1/operations/cGxhdGludW0tY3JtLWEwZmNmL3VzLWNlbnRyYWwxL2RhaWx5QmFsYW5jZVVwZGF0ZS85dndpOWVVaThEaw [none]
[debug] [2024-05-10T22:22:46.959Z] <<< [apiv2][status] GET https://cloudfunctions.googleapis.com/v1/operations/cGxhdGludW0tY3JtLWEwZmNmL3VzLWNlbnRyYWwxL2RhaWx5QmFsYW5jZVVwZGF0ZS85dndpOWVVaThEaw 200
[debug] [2024-05-10T22:22:46.960Z] <<< [apiv2][body] GET https://cloudfunctions.googleapis.com/v1/operations/cGxhdGludW0tY3JtLWEwZmNmL3VzLWNlbnRyYWwxL2RhaWx5QmFsYW5jZVVwZGF0ZS85dndpOWVVaThEaw {"name":"operations/cGxhdGludW0tY3JtLWEwZmNmL3VzLWNlbnRyYWwxL2RhaWx5QmFsYW5jZVVwZGF0ZS85dndpOWVVaThEaw","metadata":{"@type":"type.googleapis.com/google.cloud.functions.v1.OperationMetadataV1","target":"projects/platinum-crm-a0fcf/locations/us-central1/functions/dailyBalanceUpdate","type":"UPDATE_FUNCTION","request":{"@type":"type.googleapis.com/google.cloud.functions.v1.CloudFunction","name":"projects/platinum-crm-a0fcf/locations/us-central1/functions/dailyBalanceUpdate","eventTrigger":{"eventType":"google.pubsub.topic.publish","resource":"projects/platinum-crm-a0fcf/topics/firebase-schedule-dailyBalanceUpdate-us-central1","service":"pubsub.googleapis.com","failurePolicy":{}},"status":"ACTIVE","entryPoint":"dailyBalanceUpdate","updateTime":"2024-05-10T22:04:26.706Z","versionId":"7","labels":{"deployment-tool":"cli-firebase","deployment-scheduled":"true","firebase-functions-hash":"9ca9f3ac84ee1cdf1ff1306b4ee30bfd7be1dbec"},"sourceUploadUrl":"https://storage.googleapis.com/uploads-571626731811.us-central1.cloudfunctions.appspot.com/05babc12-586e-431d-b1d5-19225e982058.zip?GoogleAccessId=service-392282937222@gcf-admin-robot.iam.gserviceaccount.com&Expires=1715381554&Signature=x9LOQqWEuCrZce33maVHNWnACDL1ddXTBIursC7y%2FwD%2BWP1MxKSMH7tKpmGPVEXA6%2BDuK03FKMAb3dWr6c4n5h6pkCG2A4%2BkzlN9S6Q31Yw4ou11hHAmFferlSmbAhol3Y8eiKwq4UOjzzcvJE4W%2Fn%2FG6UmdfZr3idXFdD9krSTX97KFl2%2BjQntfwPSEg%2FgkE4Tcb7pWMuHE4pCUhsS%2FBsQTA8v7T2n02H6VB6kiL2mVTO%2BXP7czGCR2%2BQaktYKQFHOIoNw6BmoM%2F09JRuX5%2FhAVTeNTmsO36Dkz1p3H6%2F04EsmJ23DTNLl3IXlCsL5HwDBNHCbJo9fYbAHhbFJuJg%3D%3D","environmentVariables":{"FIREBASE_CONFIG":"{\"projectId\":\"platinum-crm-a0fcf\",\"storageBucket\":\"platinum-crm-a0fcf.appspot.com\",\"locationId\":\"us-central\"}","GCLOUD_PROJECT":"platinum-crm-a0fcf","EVENTARC_CLOUD_EVENT_SOURCE":"projects/platinum-crm-a0fcf/locations/us-central1/functions/dailyBalanceUpdate"},"runtime":"nodejs18","buildId":"de6433df-2c3f-427c-9971-b3f3ed3460dc","buildEnvironmentVariables":{"GOOGLE_NODE_RUN_SCRIPTS":""},"buildName":"projects/392282937222/locations/us-central1/builds/de6433df-2c3f-427c-9971-b3f3ed3460dc","dockerRegistry":"ARTIFACT_REGISTRY","automaticUpdatePolicy":{}},"versionId":"8","updateTime":"2024-05-10T22:22:36Z","buildId":"47f1c53e-0367-4ba6-addf-3adbd249c767","buildName":"projects/392282937222/locations/us-central1/builds/47f1c53e-0367-4ba6-addf-3adbd249c767"}}
[debug] [2024-05-10T22:22:54.967Z] [update-default-us-central1-dailyBalanceUpdate] Retrying task index 0
[debug] [2024-05-10T22:22:54.969Z] >>> [apiv2][query] GET https://cloudfunctions.googleapis.com/v1/operations/cGxhdGludW0tY3JtLWEwZmNmL3VzLWNlbnRyYWwxL2RhaWx5QmFsYW5jZVVwZGF0ZS85dndpOWVVaThEaw [none]
[debug] [2024-05-10T22:22:55.694Z] <<< [apiv2][status] GET https://cloudfunctions.googleapis.com/v1/operations/cGxhdGludW0tY3JtLWEwZmNmL3VzLWNlbnRyYWwxL2RhaWx5QmFsYW5jZVVwZGF0ZS85dndpOWVVaThEaw 200
[debug] [2024-05-10T22:22:55.695Z] <<< [apiv2][body] GET https://cloudfunctions.googleapis.com/v1/operations/cGxhdGludW0tY3JtLWEwZmNmL3VzLWNlbnRyYWwxL2RhaWx5QmFsYW5jZVVwZGF0ZS85dndpOWVVaThEaw {"name":"operations/cGxhdGludW0tY3JtLWEwZmNmL3VzLWNlbnRyYWwxL2RhaWx5QmFsYW5jZVVwZGF0ZS85dndpOWVVaThEaw","metadata":{"@type":"type.googleapis.com/google.cloud.functions.v1.OperationMetadataV1","target":"projects/platinum-crm-a0fcf/locations/us-central1/functions/dailyBalanceUpdate","type":"UPDATE_FUNCTION","request":{"@type":"type.googleapis.com/google.cloud.functions.v1.CloudFunction","name":"projects/platinum-crm-a0fcf/locations/us-central1/functions/dailyBalanceUpdate","eventTrigger":{"eventType":"google.pubsub.topic.publish","resource":"projects/platinum-crm-a0fcf/topics/firebase-schedule-dailyBalanceUpdate-us-central1","service":"pubsub.googleapis.com","failurePolicy":{}},"status":"ACTIVE","entryPoint":"dailyBalanceUpdate","updateTime":"2024-05-10T22:04:26.706Z","versionId":"7","labels":{"deployment-tool":"cli-firebase","deployment-scheduled":"true","firebase-functions-hash":"9ca9f3ac84ee1cdf1ff1306b4ee30bfd7be1dbec"},"sourceUploadUrl":"https://storage.googleapis.com/uploads-571626731811.us-central1.cloudfunctions.appspot.com/05babc12-586e-431d-b1d5-19225e982058.zip?GoogleAccessId=service-392282937222@gcf-admin-robot.iam.gserviceaccount.com&Expires=1715381554&Signature=x9LOQqWEuCrZce33maVHNWnACDL1ddXTBIursC7y%2FwD%2BWP1MxKSMH7tKpmGPVEXA6%2BDuK03FKMAb3dWr6c4n5h6pkCG2A4%2BkzlN9S6Q31Yw4ou11hHAmFferlSmbAhol3Y8eiKwq4UOjzzcvJE4W%2Fn%2FG6UmdfZr3idXFdD9krSTX97KFl2%2BjQntfwPSEg%2FgkE4Tcb7pWMuHE4pCUhsS%2FBsQTA8v7T2n02H6VB6kiL2mVTO%2BXP7czGCR2%2BQaktYKQFHOIoNw6BmoM%2F09JRuX5%2FhAVTeNTmsO36Dkz1p3H6%2F04EsmJ23DTNLl3IXlCsL5HwDBNHCbJo9fYbAHhbFJuJg%3D%3D","environmentVariables":{"FIREBASE_CONFIG":"{\"projectId\":\"platinum-crm-a0fcf\",\"storageBucket\":\"platinum-crm-a0fcf.appspot.com\",\"locationId\":\"us-central\"}","GCLOUD_PROJECT":"platinum-crm-a0fcf","EVENTARC_CLOUD_EVENT_SOURCE":"projects/platinum-crm-a0fcf/locations/us-central1/functions/dailyBalanceUpdate"},"runtime":"nodejs18","buildId":"de6433df-2c3f-427c-9971-b3f3ed3460dc","buildEnvironmentVariables":{"GOOGLE_NODE_RUN_SCRIPTS":""},"buildName":"projects/392282937222/locations/us-central1/builds/de6433df-2c3f-427c-9971-b3f3ed3460dc","dockerRegistry":"ARTIFACT_REGISTRY","automaticUpdatePolicy":{}},"versionId":"8","updateTime":"2024-05-10T22:22:36Z","buildId":"47f1c53e-0367-4ba6-addf-3adbd249c767","buildName":"projects/392282937222/locations/us-central1/builds/47f1c53e-0367-4ba6-addf-3adbd249c767"}}
[debug] [2024-05-10T22:23:05.709Z] [update-default-us-central1-dailyBalanceUpdate] Retrying task index 0
[debug] [2024-05-10T22:23:05.711Z] >>> [apiv2][query] GET https://cloudfunctions.googleapis.com/v1/operations/cGxhdGludW0tY3JtLWEwZmNmL3VzLWNlbnRyYWwxL2RhaWx5QmFsYW5jZVVwZGF0ZS85dndpOWVVaThEaw [none]
[debug] [2024-05-10T22:23:06.441Z] <<< [apiv2][status] GET https://cloudfunctions.googleapis.com/v1/operations/cGxhdGludW0tY3JtLWEwZmNmL3VzLWNlbnRyYWwxL2RhaWx5QmFsYW5jZVVwZGF0ZS85dndpOWVVaThEaw 200
[debug] [2024-05-10T22:23:06.443Z] <<< [apiv2][body] GET https://cloudfunctions.googleapis.com/v1/operations/cGxhdGludW0tY3JtLWEwZmNmL3VzLWNlbnRyYWwxL2RhaWx5QmFsYW5jZVVwZGF0ZS85dndpOWVVaThEaw {"name":"operations/cGxhdGludW0tY3JtLWEwZmNmL3VzLWNlbnRyYWwxL2RhaWx5QmFsYW5jZVVwZGF0ZS85dndpOWVVaThEaw","metadata":{"@type":"type.googleapis.com/google.cloud.functions.v1.OperationMetadataV1","target":"projects/platinum-crm-a0fcf/locations/us-central1/functions/dailyBalanceUpdate","type":"UPDATE_FUNCTION","request":{"@type":"type.googleapis.com/google.cloud.functions.v1.CloudFunction","name":"projects/platinum-crm-a0fcf/locations/us-central1/functions/dailyBalanceUpdate","eventTrigger":{"eventType":"google.pubsub.topic.publish","resource":"projects/platinum-crm-a0fcf/topics/firebase-schedule-dailyBalanceUpdate-us-central1","service":"pubsub.googleapis.com","failurePolicy":{}},"status":"ACTIVE","entryPoint":"dailyBalanceUpdate","updateTime":"2024-05-10T22:04:26.706Z","versionId":"7","labels":{"deployment-tool":"cli-firebase","deployment-scheduled":"true","firebase-functions-hash":"9ca9f3ac84ee1cdf1ff1306b4ee30bfd7be1dbec"},"sourceUploadUrl":"https://storage.googleapis.com/uploads-571626731811.us-central1.cloudfunctions.appspot.com/05babc12-586e-431d-b1d5-19225e982058.zip?GoogleAccessId=service-392282937222@gcf-admin-robot.iam.gserviceaccount.com&Expires=1715381554&Signature=x9LOQqWEuCrZce33maVHNWnACDL1ddXTBIursC7y%2FwD%2BWP1MxKSMH7tKpmGPVEXA6%2BDuK03FKMAb3dWr6c4n5h6pkCG2A4%2BkzlN9S6Q31Yw4ou11hHAmFferlSmbAhol3Y8eiKwq4UOjzzcvJE4W%2Fn%2FG6UmdfZr3idXFdD9krSTX97KFl2%2BjQntfwPSEg%2FgkE4Tcb7pWMuHE4pCUhsS%2FBsQTA8v7T2n02H6VB6kiL2mVTO%2BXP7czGCR2%2BQaktYKQFHOIoNw6BmoM%2F09JRuX5%2FhAVTeNTmsO36Dkz1p3H6%2F04EsmJ23DTNLl3IXlCsL5HwDBNHCbJo9fYbAHhbFJuJg%3D%3D","environmentVariables":{"FIREBASE_CONFIG":"{\"projectId\":\"platinum-crm-a0fcf\",\"storageBucket\":\"platinum-crm-a0fcf.appspot.com\",\"locationId\":\"us-central\"}","GCLOUD_PROJECT":"platinum-crm-a0fcf","EVENTARC_CLOUD_EVENT_SOURCE":"projects/platinum-crm-a0fcf/locations/us-central1/functions/dailyBalanceUpdate"},"runtime":"nodejs18","buildId":"de6433df-2c3f-427c-9971-b3f3ed3460dc","buildEnvironmentVariables":{"GOOGLE_NODE_RUN_SCRIPTS":""},"buildName":"projects/392282937222/locations/us-central1/builds/de6433df-2c3f-427c-9971-b3f3ed3460dc","dockerRegistry":"ARTIFACT_REGISTRY","automaticUpdatePolicy":{}},"versionId":"8","updateTime":"2024-05-10T22:22:36Z","buildId":"47f1c53e-0367-4ba6-addf-3adbd249c767","buildName":"projects/392282937222/locations/us-central1/builds/47f1c53e-0367-4ba6-addf-3adbd249c767"}}
[debug] [2024-05-10T22:23:16.452Z] [update-default-us-central1-dailyBalanceUpdate] Retrying task index 0
[debug] [2024-05-10T22:23:16.454Z] >>> [apiv2][query] GET https://cloudfunctions.googleapis.com/v1/operations/cGxhdGludW0tY3JtLWEwZmNmL3VzLWNlbnRyYWwxL2RhaWx5QmFsYW5jZVVwZGF0ZS85dndpOWVVaThEaw [none]
[debug] [2024-05-10T22:23:17.157Z] <<< [apiv2][status] GET https://cloudfunctions.googleapis.com/v1/operations/cGxhdGludW0tY3JtLWEwZmNmL3VzLWNlbnRyYWwxL2RhaWx5QmFsYW5jZVVwZGF0ZS85dndpOWVVaThEaw 200
[debug] [2024-05-10T22:23:17.159Z] <<< [apiv2][body] GET https://cloudfunctions.googleapis.com/v1/operations/cGxhdGludW0tY3JtLWEwZmNmL3VzLWNlbnRyYWwxL2RhaWx5QmFsYW5jZVVwZGF0ZS85dndpOWVVaThEaw {"name":"operations/cGxhdGludW0tY3JtLWEwZmNmL3VzLWNlbnRyYWwxL2RhaWx5QmFsYW5jZVVwZGF0ZS85dndpOWVVaThEaw","metadata":{"@type":"type.googleapis.com/google.cloud.functions.v1.OperationMetadataV1","target":"projects/platinum-crm-a0fcf/locations/us-central1/functions/dailyBalanceUpdate","type":"UPDATE_FUNCTION","request":{"@type":"type.googleapis.com/google.cloud.functions.v1.CloudFunction","name":"projects/platinum-crm-a0fcf/locations/us-central1/functions/dailyBalanceUpdate","eventTrigger":{"eventType":"google.pubsub.topic.publish","resource":"projects/platinum-crm-a0fcf/topics/firebase-schedule-dailyBalanceUpdate-us-central1","service":"pubsub.googleapis.com","failurePolicy":{}},"status":"ACTIVE","entryPoint":"dailyBalanceUpdate","updateTime":"2024-05-10T22:04:26.706Z","versionId":"7","labels":{"deployment-tool":"cli-firebase","deployment-scheduled":"true","firebase-functions-hash":"9ca9f3ac84ee1cdf1ff1306b4ee30bfd7be1dbec"},"sourceUploadUrl":"https://storage.googleapis.com/uploads-571626731811.us-central1.cloudfunctions.appspot.com/05babc12-586e-431d-b1d5-19225e982058.zip?GoogleAccessId=service-392282937222@gcf-admin-robot.iam.gserviceaccount.com&Expires=1715381554&Signature=x9LOQqWEuCrZce33maVHNWnACDL1ddXTBIursC7y%2FwD%2BWP1MxKSMH7tKpmGPVEXA6%2BDuK03FKMAb3dWr6c4n5h6pkCG2A4%2BkzlN9S6Q31Yw4ou11hHAmFferlSmbAhol3Y8eiKwq4UOjzzcvJE4W%2Fn%2FG6UmdfZr3idXFdD9krSTX97KFl2%2BjQntfwPSEg%2FgkE4Tcb7pWMuHE4pCUhsS%2FBsQTA8v7T2n02H6VB6kiL2mVTO%2BXP7czGCR2%2BQaktYKQFHOIoNw6BmoM%2F09JRuX5%2FhAVTeNTmsO36Dkz1p3H6%2F04EsmJ23DTNLl3IXlCsL5HwDBNHCbJo9fYbAHhbFJuJg%3D%3D","environmentVariables":{"FIREBASE_CONFIG":"{\"projectId\":\"platinum-crm-a0fcf\",\"storageBucket\":\"platinum-crm-a0fcf.appspot.com\",\"locationId\":\"us-central\"}","GCLOUD_PROJECT":"platinum-crm-a0fcf","EVENTARC_CLOUD_EVENT_SOURCE":"projects/platinum-crm-a0fcf/locations/us-central1/functions/dailyBalanceUpdate"},"runtime":"nodejs18","buildId":"de6433df-2c3f-427c-9971-b3f3ed3460dc","buildEnvironmentVariables":{"GOOGLE_NODE_RUN_SCRIPTS":""},"buildName":"projects/392282937222/locations/us-central1/builds/de6433df-2c3f-427c-9971-b3f3ed3460dc","dockerRegistry":"ARTIFACT_REGISTRY","automaticUpdatePolicy":{}},"versionId":"8","updateTime":"2024-05-10T22:22:36Z","buildId":"47f1c53e-0367-4ba6-addf-3adbd249c767","buildName":"projects/392282937222/locations/us-central1/builds/47f1c53e-0367-4ba6-addf-3adbd249c767"}}
[debug] [2024-05-10T22:23:27.172Z] [update-default-us-central1-dailyBalanceUpdate] Retrying task index 0
[debug] [2024-05-10T22:23:27.174Z] >>> [apiv2][query] GET https://cloudfunctions.googleapis.com/v1/operations/cGxhdGludW0tY3JtLWEwZmNmL3VzLWNlbnRyYWwxL2RhaWx5QmFsYW5jZVVwZGF0ZS85dndpOWVVaThEaw [none]
[debug] [2024-05-10T22:23:27.935Z] <<< [apiv2][status] GET https://cloudfunctions.googleapis.com/v1/operations/cGxhdGludW0tY3JtLWEwZmNmL3VzLWNlbnRyYWwxL2RhaWx5QmFsYW5jZVVwZGF0ZS85dndpOWVVaThEaw 200
[debug] [2024-05-10T22:23:27.936Z] <<< [apiv2][body] GET https://cloudfunctions.googleapis.com/v1/operations/cGxhdGludW0tY3JtLWEwZmNmL3VzLWNlbnRyYWwxL2RhaWx5QmFsYW5jZVVwZGF0ZS85dndpOWVVaThEaw {"name":"operations/cGxhdGludW0tY3JtLWEwZmNmL3VzLWNlbnRyYWwxL2RhaWx5QmFsYW5jZVVwZGF0ZS85dndpOWVVaThEaw","metadata":{"@type":"type.googleapis.com/google.cloud.functions.v1.OperationMetadataV1","target":"projects/platinum-crm-a0fcf/locations/us-central1/functions/dailyBalanceUpdate","type":"UPDATE_FUNCTION","request":{"@type":"type.googleapis.com/google.cloud.functions.v1.CloudFunction","name":"projects/platinum-crm-a0fcf/locations/us-central1/functions/dailyBalanceUpdate","eventTrigger":{"eventType":"google.pubsub.topic.publish","resource":"projects/platinum-crm-a0fcf/topics/firebase-schedule-dailyBalanceUpdate-us-central1","service":"pubsub.googleapis.com","failurePolicy":{}},"status":"ACTIVE","entryPoint":"dailyBalanceUpdate","updateTime":"2024-05-10T22:04:26.706Z","versionId":"7","labels":{"deployment-tool":"cli-firebase","deployment-scheduled":"true","firebase-functions-hash":"9ca9f3ac84ee1cdf1ff1306b4ee30bfd7be1dbec"},"sourceUploadUrl":"https://storage.googleapis.com/uploads-571626731811.us-central1.cloudfunctions.appspot.com/05babc12-586e-431d-b1d5-19225e982058.zip?GoogleAccessId=service-392282937222@gcf-admin-robot.iam.gserviceaccount.com&Expires=1715381554&Signature=x9LOQqWEuCrZce33maVHNWnACDL1ddXTBIursC7y%2FwD%2BWP1MxKSMH7tKpmGPVEXA6%2BDuK03FKMAb3dWr6c4n5h6pkCG2A4%2BkzlN9S6Q31Yw4ou11hHAmFferlSmbAhol3Y8eiKwq4UOjzzcvJE4W%2Fn%2FG6UmdfZr3idXFdD9krSTX97KFl2%2BjQntfwPSEg%2FgkE4Tcb7pWMuHE4pCUhsS%2FBsQTA8v7T2n02H6VB6kiL2mVTO%2BXP7czGCR2%2BQaktYKQFHOIoNw6BmoM%2F09JRuX5%2FhAVTeNTmsO36Dkz1p3H6%2F04EsmJ23DTNLl3IXlCsL5HwDBNHCbJo9fYbAHhbFJuJg%3D%3D","environmentVariables":{"FIREBASE_CONFIG":"{\"projectId\":\"platinum-crm-a0fcf\",\"storageBucket\":\"platinum-crm-a0fcf.appspot.com\",\"locationId\":\"us-central\"}","GCLOUD_PROJECT":"platinum-crm-a0fcf","EVENTARC_CLOUD_EVENT_SOURCE":"projects/platinum-crm-a0fcf/locations/us-central1/functions/dailyBalanceUpdate"},"runtime":"nodejs18","buildId":"de6433df-2c3f-427c-9971-b3f3ed3460dc","buildEnvironmentVariables":{"GOOGLE_NODE_RUN_SCRIPTS":""},"buildName":"projects/392282937222/locations/us-central1/builds/de6433df-2c3f-427c-9971-b3f3ed3460dc","dockerRegistry":"ARTIFACT_REGISTRY","automaticUpdatePolicy":{}},"versionId":"8","updateTime":"2024-05-10T22:22:36Z","buildId":"47f1c53e-0367-4ba6-addf-3adbd249c767","buildName":"projects/392282937222/locations/us-central1/builds/47f1c53e-0367-4ba6-addf-3adbd249c767"}}
[debug] [2024-05-10T22:23:37.949Z] [update-default-us-central1-dailyBalanceUpdate] Retrying task index 0
[debug] [2024-05-10T22:23:37.949Z] >>> [apiv2][query] GET https://cloudfunctions.googleapis.com/v1/operations/cGxhdGludW0tY3JtLWEwZmNmL3VzLWNlbnRyYWwxL2RhaWx5QmFsYW5jZVVwZGF0ZS85dndpOWVVaThEaw [none]
[debug] [2024-05-10T22:23:38.670Z] <<< [apiv2][status] GET https://cloudfunctions.googleapis.com/v1/operations/cGxhdGludW0tY3JtLWEwZmNmL3VzLWNlbnRyYWwxL2RhaWx5QmFsYW5jZVVwZGF0ZS85dndpOWVVaThEaw 200
[debug] [2024-05-10T22:23:38.671Z] <<< [apiv2][body] GET https://cloudfunctions.googleapis.com/v1/operations/cGxhdGludW0tY3JtLWEwZmNmL3VzLWNlbnRyYWwxL2RhaWx5QmFsYW5jZVVwZGF0ZS85dndpOWVVaThEaw {"name":"operations/cGxhdGludW0tY3JtLWEwZmNmL3VzLWNlbnRyYWwxL2RhaWx5QmFsYW5jZVVwZGF0ZS85dndpOWVVaThEaw","metadata":{"@type":"type.googleapis.com/google.cloud.functions.v1.OperationMetadataV1","target":"projects/platinum-crm-a0fcf/locations/us-central1/functions/dailyBalanceUpdate","type":"UPDATE_FUNCTION","request":{"@type":"type.googleapis.com/google.cloud.functions.v1.CloudFunction","name":"projects/platinum-crm-a0fcf/locations/us-central1/functions/dailyBalanceUpdate","eventTrigger":{"eventType":"google.pubsub.topic.publish","resource":"projects/platinum-crm-a0fcf/topics/firebase-schedule-dailyBalanceUpdate-us-central1","service":"pubsub.googleapis.com","failurePolicy":{}},"status":"ACTIVE","entryPoint":"dailyBalanceUpdate","updateTime":"2024-05-10T22:04:26.706Z","versionId":"7","labels":{"deployment-tool":"cli-firebase","deployment-scheduled":"true","firebase-functions-hash":"9ca9f3ac84ee1cdf1ff1306b4ee30bfd7be1dbec"},"sourceUploadUrl":"https://storage.googleapis.com/uploads-571626731811.us-central1.cloudfunctions.appspot.com/05babc12-586e-431d-b1d5-19225e982058.zip?GoogleAccessId=service-392282937222@gcf-admin-robot.iam.gserviceaccount.com&Expires=1715381554&Signature=x9LOQqWEuCrZce33maVHNWnACDL1ddXTBIursC7y%2FwD%2BWP1MxKSMH7tKpmGPVEXA6%2BDuK03FKMAb3dWr6c4n5h6pkCG2A4%2BkzlN9S6Q31Yw4ou11hHAmFferlSmbAhol3Y8eiKwq4UOjzzcvJE4W%2Fn%2FG6UmdfZr3idXFdD9krSTX97KFl2%2BjQntfwPSEg%2FgkE4Tcb7pWMuHE4pCUhsS%2FBsQTA8v7T2n02H6VB6kiL2mVTO%2BXP7czGCR2%2BQaktYKQFHOIoNw6BmoM%2F09JRuX5%2FhAVTeNTmsO36Dkz1p3H6%2F04EsmJ23DTNLl3IXlCsL5HwDBNHCbJo9fYbAHhbFJuJg%3D%3D","environmentVariables":{"FIREBASE_CONFIG":"{\"projectId\":\"platinum-crm-a0fcf\",\"storageBucket\":\"platinum-crm-a0fcf.appspot.com\",\"locationId\":\"us-central\"}","GCLOUD_PROJECT":"platinum-crm-a0fcf","EVENTARC_CLOUD_EVENT_SOURCE":"projects/platinum-crm-a0fcf/locations/us-central1/functions/dailyBalanceUpdate"},"runtime":"nodejs18","buildId":"de6433df-2c3f-427c-9971-b3f3ed3460dc","buildEnvironmentVariables":{"GOOGLE_NODE_RUN_SCRIPTS":""},"buildName":"projects/392282937222/locations/us-central1/builds/de6433df-2c3f-427c-9971-b3f3ed3460dc","dockerRegistry":"ARTIFACT_REGISTRY","automaticUpdatePolicy":{}},"versionId":"8","updateTime":"2024-05-10T22:22:36Z","buildId":"47f1c53e-0367-4ba6-addf-3adbd249c767","buildName":"projects/392282937222/locations/us-central1/builds/47f1c53e-0367-4ba6-addf-3adbd249c767"}}
[debug] [2024-05-10T22:23:48.686Z] [update-default-us-central1-dailyBalanceUpdate] Retrying task index 0
[debug] [2024-05-10T22:23:48.688Z] >>> [apiv2][query] GET https://cloudfunctions.googleapis.com/v1/operations/cGxhdGludW0tY3JtLWEwZmNmL3VzLWNlbnRyYWwxL2RhaWx5QmFsYW5jZVVwZGF0ZS85dndpOWVVaThEaw [none]
[debug] [2024-05-10T22:23:49.260Z] <<< [apiv2][status] GET https://cloudfunctions.googleapis.com/v1/operations/cGxhdGludW0tY3JtLWEwZmNmL3VzLWNlbnRyYWwxL2RhaWx5QmFsYW5jZVVwZGF0ZS85dndpOWVVaThEaw 200
[debug] [2024-05-10T22:23:49.261Z] <<< [apiv2][body] GET https://cloudfunctions.googleapis.com/v1/operations/cGxhdGludW0tY3JtLWEwZmNmL3VzLWNlbnRyYWwxL2RhaWx5QmFsYW5jZVVwZGF0ZS85dndpOWVVaThEaw {"name":"operations/cGxhdGludW0tY3JtLWEwZmNmL3VzLWNlbnRyYWwxL2RhaWx5QmFsYW5jZVVwZGF0ZS85dndpOWVVaThEaw","metadata":{"@type":"type.googleapis.com/google.cloud.functions.v1.OperationMetadataV1","target":"projects/platinum-crm-a0fcf/locations/us-central1/functions/dailyBalanceUpdate","type":"UPDATE_FUNCTION","request":{"@type":"type.googleapis.com/google.cloud.functions.v1.CloudFunction","name":"projects/platinum-crm-a0fcf/locations/us-central1/functions/dailyBalanceUpdate","eventTrigger":{"eventType":"google.pubsub.topic.publish","resource":"projects/platinum-crm-a0fcf/topics/firebase-schedule-dailyBalanceUpdate-us-central1","service":"pubsub.googleapis.com","failurePolicy":{}},"status":"ACTIVE","entryPoint":"dailyBalanceUpdate","updateTime":"2024-05-10T22:04:26.706Z","versionId":"7","labels":{"deployment-tool":"cli-firebase","deployment-scheduled":"true","firebase-functions-hash":"9ca9f3ac84ee1cdf1ff1306b4ee30bfd7be1dbec"},"sourceUploadUrl":"https://storage.googleapis.com/uploads-571626731811.us-central1.cloudfunctions.appspot.com/05babc12-586e-431d-b1d5-19225e982058.zip?GoogleAccessId=service-392282937222@gcf-admin-robot.iam.gserviceaccount.com&Expires=1715381554&Signature=x9LOQqWEuCrZce33maVHNWnACDL1ddXTBIursC7y%2FwD%2BWP1MxKSMH7tKpmGPVEXA6%2BDuK03FKMAb3dWr6c4n5h6pkCG2A4%2BkzlN9S6Q31Yw4ou11hHAmFferlSmbAhol3Y8eiKwq4UOjzzcvJE4W%2Fn%2FG6UmdfZr3idXFdD9krSTX97KFl2%2BjQntfwPSEg%2FgkE4Tcb7pWMuHE4pCUhsS%2FBsQTA8v7T2n02H6VB6kiL2mVTO%2BXP7czGCR2%2BQaktYKQFHOIoNw6BmoM%2F09JRuX5%2FhAVTeNTmsO36Dkz1p3H6%2F04EsmJ23DTNLl3IXlCsL5HwDBNHCbJo9fYbAHhbFJuJg%3D%3D","environmentVariables":{"FIREBASE_CONFIG":"{\"projectId\":\"platinum-crm-a0fcf\",\"storageBucket\":\"platinum-crm-a0fcf.appspot.com\",\"locationId\":\"us-central\"}","GCLOUD_PROJECT":"platinum-crm-a0fcf","EVENTARC_CLOUD_EVENT_SOURCE":"projects/platinum-crm-a0fcf/locations/us-central1/functions/dailyBalanceUpdate"},"runtime":"nodejs18","buildId":"de6433df-2c3f-427c-9971-b3f3ed3460dc","buildEnvironmentVariables":{"GOOGLE_NODE_RUN_SCRIPTS":""},"buildName":"projects/392282937222/locations/us-central1/builds/de6433df-2c3f-427c-9971-b3f3ed3460dc","dockerRegistry":"ARTIFACT_REGISTRY","automaticUpdatePolicy":{}},"versionId":"8","updateTime":"2024-05-10T22:22:36Z","buildId":"47f1c53e-0367-4ba6-addf-3adbd249c767","buildName":"projects/392282937222/locations/us-central1/builds/47f1c53e-0367-4ba6-addf-3adbd249c767"}}
[debug] [2024-05-10T22:23:59.286Z] [update-default-us-central1-dailyBalanceUpdate] Retrying task index 0
[debug] [2024-05-10T22:23:59.287Z] >>> [apiv2][query] GET https://cloudfunctions.googleapis.com/v1/operations/cGxhdGludW0tY3JtLWEwZmNmL3VzLWNlbnRyYWwxL2RhaWx5QmFsYW5jZVVwZGF0ZS85dndpOWVVaThEaw [none]
[debug] [2024-05-10T22:24:00.016Z] <<< [apiv2][status] GET https://cloudfunctions.googleapis.com/v1/operations/cGxhdGludW0tY3JtLWEwZmNmL3VzLWNlbnRyYWwxL2RhaWx5QmFsYW5jZVVwZGF0ZS85dndpOWVVaThEaw 200
[debug] [2024-05-10T22:24:00.017Z] <<< [apiv2][body] GET https://cloudfunctions.googleapis.com/v1/operations/cGxhdGludW0tY3JtLWEwZmNmL3VzLWNlbnRyYWwxL2RhaWx5QmFsYW5jZVVwZGF0ZS85dndpOWVVaThEaw {"name":"operations/cGxhdGludW0tY3JtLWEwZmNmL3VzLWNlbnRyYWwxL2RhaWx5QmFsYW5jZVVwZGF0ZS85dndpOWVVaThEaw","metadata":{"@type":"type.googleapis.com/google.cloud.functions.v1.OperationMetadataV1","target":"projects/platinum-crm-a0fcf/locations/us-central1/functions/dailyBalanceUpdate","type":"UPDATE_FUNCTION","request":{"@type":"type.googleapis.com/google.cloud.functions.v1.CloudFunction","name":"projects/platinum-crm-a0fcf/locations/us-central1/functions/dailyBalanceUpdate","eventTrigger":{"eventType":"google.pubsub.topic.publish","resource":"projects/platinum-crm-a0fcf/topics/firebase-schedule-dailyBalanceUpdate-us-central1","service":"pubsub.googleapis.com","failurePolicy":{}},"status":"ACTIVE","entryPoint":"dailyBalanceUpdate","updateTime":"2024-05-10T22:04:26.706Z","versionId":"7","labels":{"deployment-tool":"cli-firebase","deployment-scheduled":"true","firebase-functions-hash":"9ca9f3ac84ee1cdf1ff1306b4ee30bfd7be1dbec"},"sourceUploadUrl":"https://storage.googleapis.com/uploads-571626731811.us-central1.cloudfunctions.appspot.com/05babc12-586e-431d-b1d5-19225e982058.zip?GoogleAccessId=service-392282937222@gcf-admin-robot.iam.gserviceaccount.com&Expires=1715381554&Signature=x9LOQqWEuCrZce33maVHNWnACDL1ddXTBIursC7y%2FwD%2BWP1MxKSMH7tKpmGPVEXA6%2BDuK03FKMAb3dWr6c4n5h6pkCG2A4%2BkzlN9S6Q31Yw4ou11hHAmFferlSmbAhol3Y8eiKwq4UOjzzcvJE4W%2Fn%2FG6UmdfZr3idXFdD9krSTX97KFl2%2BjQntfwPSEg%2FgkE4Tcb7pWMuHE4pCUhsS%2FBsQTA8v7T2n02H6VB6kiL2mVTO%2BXP7czGCR2%2BQaktYKQFHOIoNw6BmoM%2F09JRuX5%2FhAVTeNTmsO36Dkz1p3H6%2F04EsmJ23DTNLl3IXlCsL5HwDBNHCbJo9fYbAHhbFJuJg%3D%3D","environmentVariables":{"FIREBASE_CONFIG":"{\"projectId\":\"platinum-crm-a0fcf\",\"storageBucket\":\"platinum-crm-a0fcf.appspot.com\",\"locationId\":\"us-central\"}","GCLOUD_PROJECT":"platinum-crm-a0fcf","EVENTARC_CLOUD_EVENT_SOURCE":"projects/platinum-crm-a0fcf/locations/us-central1/functions/dailyBalanceUpdate"},"runtime":"nodejs18","buildId":"de6433df-2c3f-427c-9971-b3f3ed3460dc","buildEnvironmentVariables":{"GOOGLE_NODE_RUN_SCRIPTS":""},"buildName":"projects/392282937222/locations/us-central1/builds/de6433df-2c3f-427c-9971-b3f3ed3460dc","dockerRegistry":"ARTIFACT_REGISTRY","automaticUpdatePolicy":{}},"versionId":"8","updateTime":"2024-05-10T22:22:36Z","buildId":"47f1c53e-0367-4ba6-addf-3adbd249c767","buildName":"projects/392282937222/locations/us-central1/builds/47f1c53e-0367-4ba6-addf-3adbd249c767"}}
[debug] [2024-05-10T22:24:10.022Z] [update-default-us-central1-dailyBalanceUpdate] Retrying task index 0
[debug] [2024-05-10T22:24:10.022Z] >>> [apiv2][query] GET https://cloudfunctions.googleapis.com/v1/operations/cGxhdGludW0tY3JtLWEwZmNmL3VzLWNlbnRyYWwxL2RhaWx5QmFsYW5jZVVwZGF0ZS85dndpOWVVaThEaw [none]
[debug] [2024-05-10T22:24:10.587Z] <<< [apiv2][status] GET https://cloudfunctions.googleapis.com/v1/operations/cGxhdGludW0tY3JtLWEwZmNmL3VzLWNlbnRyYWwxL2RhaWx5QmFsYW5jZVVwZGF0ZS85dndpOWVVaThEaw 200
[debug] [2024-05-10T22:24:10.588Z] <<< [apiv2][body] GET https://cloudfunctions.googleapis.com/v1/operations/cGxhdGludW0tY3JtLWEwZmNmL3VzLWNlbnRyYWwxL2RhaWx5QmFsYW5jZVVwZGF0ZS85dndpOWVVaThEaw {"name":"operations/cGxhdGludW0tY3JtLWEwZmNmL3VzLWNlbnRyYWwxL2RhaWx5QmFsYW5jZVVwZGF0ZS85dndpOWVVaThEaw","metadata":{"@type":"type.googleapis.com/google.cloud.functions.v1.OperationMetadataV1","target":"projects/platinum-crm-a0fcf/locations/us-central1/functions/dailyBalanceUpdate","type":"UPDATE_FUNCTION","request":{"@type":"type.googleapis.com/google.cloud.functions.v1.CloudFunction","name":"projects/platinum-crm-a0fcf/locations/us-central1/functions/dailyBalanceUpdate","eventTrigger":{"eventType":"google.pubsub.topic.publish","resource":"projects/platinum-crm-a0fcf/topics/firebase-schedule-dailyBalanceUpdate-us-central1","service":"pubsub.googleapis.com","failurePolicy":{}},"status":"ACTIVE","entryPoint":"dailyBalanceUpdate","updateTime":"2024-05-10T22:04:26.706Z","versionId":"7","labels":{"deployment-tool":"cli-firebase","deployment-scheduled":"true","firebase-functions-hash":"9ca9f3ac84ee1cdf1ff1306b4ee30bfd7be1dbec"},"sourceUploadUrl":"https://storage.googleapis.com/uploads-571626731811.us-central1.cloudfunctions.appspot.com/05babc12-586e-431d-b1d5-19225e982058.zip?GoogleAccessId=service-392282937222@gcf-admin-robot.iam.gserviceaccount.com&Expires=1715381554&Signature=x9LOQqWEuCrZce33maVHNWnACDL1ddXTBIursC7y%2FwD%2BWP1MxKSMH7tKpmGPVEXA6%2BDuK03FKMAb3dWr6c4n5h6pkCG2A4%2BkzlN9S6Q31Yw4ou11hHAmFferlSmbAhol3Y8eiKwq4UOjzzcvJE4W%2Fn%2FG6UmdfZr3idXFdD9krSTX97KFl2%2BjQntfwPSEg%2FgkE4Tcb7pWMuHE4pCUhsS%2FBsQTA8v7T2n02H6VB6kiL2mVTO%2BXP7czGCR2%2BQaktYKQFHOIoNw6BmoM%2F09JRuX5%2FhAVTeNTmsO36Dkz1p3H6%2F04EsmJ23DTNLl3IXlCsL5HwDBNHCbJo9fYbAHhbFJuJg%3D%3D","environmentVariables":{"FIREBASE_CONFIG":"{\"projectId\":\"platinum-crm-a0fcf\",\"storageBucket\":\"platinum-crm-a0fcf.appspot.com\",\"locationId\":\"us-central\"}","GCLOUD_PROJECT":"platinum-crm-a0fcf","EVENTARC_CLOUD_EVENT_SOURCE":"projects/platinum-crm-a0fcf/locations/us-central1/functions/dailyBalanceUpdate"},"runtime":"nodejs18","buildId":"de6433df-2c3f-427c-9971-b3f3ed3460dc","buildEnvironmentVariables":{"GOOGLE_NODE_RUN_SCRIPTS":""},"buildName":"projects/392282937222/locations/us-central1/builds/de6433df-2c3f-427c-9971-b3f3ed3460dc","dockerRegistry":"ARTIFACT_REGISTRY","automaticUpdatePolicy":{}},"versionId":"8","updateTime":"2024-05-10T22:22:36Z","buildId":"47f1c53e-0367-4ba6-addf-3adbd249c767","buildName":"projects/392282937222/locations/us-central1/builds/47f1c53e-0367-4ba6-addf-3adbd249c767"}}
[debug] [2024-05-10T22:24:20.594Z] [update-default-us-central1-dailyBalanceUpdate] Retrying task index 0
[debug] [2024-05-10T22:24:20.594Z] >>> [apiv2][query] GET https://cloudfunctions.googleapis.com/v1/operations/cGxhdGludW0tY3JtLWEwZmNmL3VzLWNlbnRyYWwxL2RhaWx5QmFsYW5jZVVwZGF0ZS85dndpOWVVaThEaw [none]
[debug] [2024-05-10T22:24:21.191Z] <<< [apiv2][status] GET https://cloudfunctions.googleapis.com/v1/operations/cGxhdGludW0tY3JtLWEwZmNmL3VzLWNlbnRyYWwxL2RhaWx5QmFsYW5jZVVwZGF0ZS85dndpOWVVaThEaw 200
[debug] [2024-05-10T22:24:21.193Z] <<< [apiv2][body] GET https://cloudfunctions.googleapis.com/v1/operations/cGxhdGludW0tY3JtLWEwZmNmL3VzLWNlbnRyYWwxL2RhaWx5QmFsYW5jZVVwZGF0ZS85dndpOWVVaThEaw {"name":"operations/cGxhdGludW0tY3JtLWEwZmNmL3VzLWNlbnRyYWwxL2RhaWx5QmFsYW5jZVVwZGF0ZS85dndpOWVVaThEaw","metadata":{"@type":"type.googleapis.com/google.cloud.functions.v1.OperationMetadataV1","target":"projects/platinum-crm-a0fcf/locations/us-central1/functions/dailyBalanceUpdate","type":"UPDATE_FUNCTION","request":{"@type":"type.googleapis.com/google.cloud.functions.v1.CloudFunction","name":"projects/platinum-crm-a0fcf/locations/us-central1/functions/dailyBalanceUpdate","eventTrigger":{"eventType":"google.pubsub.topic.publish","resource":"projects/platinum-crm-a0fcf/topics/firebase-schedule-dailyBalanceUpdate-us-central1","service":"pubsub.googleapis.com","failurePolicy":{}},"status":"ACTIVE","entryPoint":"dailyBalanceUpdate","updateTime":"2024-05-10T22:04:26.706Z","versionId":"7","labels":{"deployment-tool":"cli-firebase","deployment-scheduled":"true","firebase-functions-hash":"9ca9f3ac84ee1cdf1ff1306b4ee30bfd7be1dbec"},"sourceUploadUrl":"https://storage.googleapis.com/uploads-571626731811.us-central1.cloudfunctions.appspot.com/05babc12-586e-431d-b1d5-19225e982058.zip?GoogleAccessId=service-392282937222@gcf-admin-robot.iam.gserviceaccount.com&Expires=1715381554&Signature=x9LOQqWEuCrZce33maVHNWnACDL1ddXTBIursC7y%2FwD%2BWP1MxKSMH7tKpmGPVEXA6%2BDuK03FKMAb3dWr6c4n5h6pkCG2A4%2BkzlN9S6Q31Yw4ou11hHAmFferlSmbAhol3Y8eiKwq4UOjzzcvJE4W%2Fn%2FG6UmdfZr3idXFdD9krSTX97KFl2%2BjQntfwPSEg%2FgkE4Tcb7pWMuHE4pCUhsS%2FBsQTA8v7T2n02H6VB6kiL2mVTO%2BXP7czGCR2%2BQaktYKQFHOIoNw6BmoM%2F09JRuX5%2FhAVTeNTmsO36Dkz1p3H6%2F04EsmJ23DTNLl3IXlCsL5HwDBNHCbJo9fYbAHhbFJuJg%3D%3D","environmentVariables":{"FIREBASE_CONFIG":"{\"projectId\":\"platinum-crm-a0fcf\",\"storageBucket\":\"platinum-crm-a0fcf.appspot.com\",\"locationId\":\"us-central\"}","GCLOUD_PROJECT":"platinum-crm-a0fcf","EVENTARC_CLOUD_EVENT_SOURCE":"projects/platinum-crm-a0fcf/locations/us-central1/functions/dailyBalanceUpdate"},"runtime":"nodejs18","buildId":"de6433df-2c3f-427c-9971-b3f3ed3460dc","buildEnvironmentVariables":{"GOOGLE_NODE_RUN_SCRIPTS":""},"buildName":"projects/392282937222/locations/us-central1/builds/de6433df-2c3f-427c-9971-b3f3ed3460dc","dockerRegistry":"ARTIFACT_REGISTRY","automaticUpdatePolicy":{}},"versionId":"8","updateTime":"2024-05-10T22:22:36Z","buildId":"47f1c53e-0367-4ba6-addf-3adbd249c767","sourceToken":"e96f2d22-3f9f-4521-af3b-34eea52834dc","buildName":"projects/392282937222/locations/us-central1/builds/47f1c53e-0367-4ba6-addf-3adbd249c767"}}
[debug] [2024-05-10T22:24:21.199Z] Got source token e96f2d22-3f9f-4521-af3b-34eea52834dc for region us-central1
[debug] [2024-05-10T22:24:31.202Z] [update-default-us-central1-dailyBalanceUpdate] Retrying task index 0
[debug] [2024-05-10T22:24:31.204Z] >>> [apiv2][query] GET https://cloudfunctions.googleapis.com/v1/operations/cGxhdGludW0tY3JtLWEwZmNmL3VzLWNlbnRyYWwxL2RhaWx5QmFsYW5jZVVwZGF0ZS85dndpOWVVaThEaw [none]
[debug] [2024-05-10T22:24:31.768Z] <<< [apiv2][status] GET https://cloudfunctions.googleapis.com/v1/operations/cGxhdGludW0tY3JtLWEwZmNmL3VzLWNlbnRyYWwxL2RhaWx5QmFsYW5jZVVwZGF0ZS85dndpOWVVaThEaw 200
[debug] [2024-05-10T22:24:31.769Z] <<< [apiv2][body] GET https://cloudfunctions.googleapis.com/v1/operations/cGxhdGludW0tY3JtLWEwZmNmL3VzLWNlbnRyYWwxL2RhaWx5QmFsYW5jZVVwZGF0ZS85dndpOWVVaThEaw {"name":"operations/cGxhdGludW0tY3JtLWEwZmNmL3VzLWNlbnRyYWwxL2RhaWx5QmFsYW5jZVVwZGF0ZS85dndpOWVVaThEaw","metadata":{"@type":"type.googleapis.com/google.cloud.functions.v1.OperationMetadataV1","target":"projects/platinum-crm-a0fcf/locations/us-central1/functions/dailyBalanceUpdate","type":"UPDATE_FUNCTION","request":{"@type":"type.googleapis.com/google.cloud.functions.v1.CloudFunction","name":"projects/platinum-crm-a0fcf/locations/us-central1/functions/dailyBalanceUpdate","eventTrigger":{"eventType":"google.pubsub.topic.publish","resource":"projects/platinum-crm-a0fcf/topics/firebase-schedule-dailyBalanceUpdate-us-central1","service":"pubsub.googleapis.com","failurePolicy":{}},"status":"ACTIVE","entryPoint":"dailyBalanceUpdate","updateTime":"2024-05-10T22:04:26.706Z","versionId":"7","labels":{"deployment-tool":"cli-firebase","deployment-scheduled":"true","firebase-functions-hash":"9ca9f3ac84ee1cdf1ff1306b4ee30bfd7be1dbec"},"sourceUploadUrl":"https://storage.googleapis.com/uploads-571626731811.us-central1.cloudfunctions.appspot.com/05babc12-586e-431d-b1d5-19225e982058.zip?GoogleAccessId=service-392282937222@gcf-admin-robot.iam.gserviceaccount.com&Expires=1715381554&Signature=x9LOQqWEuCrZce33maVHNWnACDL1ddXTBIursC7y%2FwD%2BWP1MxKSMH7tKpmGPVEXA6%2BDuK03FKMAb3dWr6c4n5h6pkCG2A4%2BkzlN9S6Q31Yw4ou11hHAmFferlSmbAhol3Y8eiKwq4UOjzzcvJE4W%2Fn%2FG6UmdfZr3idXFdD9krSTX97KFl2%2BjQntfwPSEg%2FgkE4Tcb7pWMuHE4pCUhsS%2FBsQTA8v7T2n02H6VB6kiL2mVTO%2BXP7czGCR2%2BQaktYKQFHOIoNw6BmoM%2F09JRuX5%2FhAVTeNTmsO36Dkz1p3H6%2F04EsmJ23DTNLl3IXlCsL5HwDBNHCbJo9fYbAHhbFJuJg%3D%3D","environmentVariables":{"FIREBASE_CONFIG":"{\"projectId\":\"platinum-crm-a0fcf\",\"storageBucket\":\"platinum-crm-a0fcf.appspot.com\",\"locationId\":\"us-central\"}","GCLOUD_PROJECT":"platinum-crm-a0fcf","EVENTARC_CLOUD_EVENT_SOURCE":"projects/platinum-crm-a0fcf/locations/us-central1/functions/dailyBalanceUpdate"},"runtime":"nodejs18","buildId":"de6433df-2c3f-427c-9971-b3f3ed3460dc","buildEnvironmentVariables":{"GOOGLE_NODE_RUN_SCRIPTS":""},"buildName":"projects/392282937222/locations/us-central1/builds/de6433df-2c3f-427c-9971-b3f3ed3460dc","dockerRegistry":"ARTIFACT_REGISTRY","automaticUpdatePolicy":{}},"versionId":"8","updateTime":"2024-05-10T22:22:36Z","buildId":"47f1c53e-0367-4ba6-addf-3adbd249c767","sourceToken":"e96f2d22-3f9f-4521-af3b-34eea52834dc","buildName":"projects/392282937222/locations/us-central1/builds/47f1c53e-0367-4ba6-addf-3adbd249c767"}}
[debug] [2024-05-10T22:24:31.775Z] Got source token e96f2d22-3f9f-4521-af3b-34eea52834dc for region us-central1
[debug] [2024-05-10T22:24:41.776Z] [update-default-us-central1-dailyBalanceUpdate] Retrying task index 0
[debug] [2024-05-10T22:24:41.777Z] >>> [apiv2][query] GET https://cloudfunctions.googleapis.com/v1/operations/cGxhdGludW0tY3JtLWEwZmNmL3VzLWNlbnRyYWwxL2RhaWx5QmFsYW5jZVVwZGF0ZS85dndpOWVVaThEaw [none]
[debug] [2024-05-10T22:24:42.543Z] <<< [apiv2][status] GET https://cloudfunctions.googleapis.com/v1/operations/cGxhdGludW0tY3JtLWEwZmNmL3VzLWNlbnRyYWwxL2RhaWx5QmFsYW5jZVVwZGF0ZS85dndpOWVVaThEaw 200
[debug] [2024-05-10T22:24:42.544Z] <<< [apiv2][body] GET https://cloudfunctions.googleapis.com/v1/operations/cGxhdGludW0tY3JtLWEwZmNmL3VzLWNlbnRyYWwxL2RhaWx5QmFsYW5jZVVwZGF0ZS85dndpOWVVaThEaw {"name":"operations/cGxhdGludW0tY3JtLWEwZmNmL3VzLWNlbnRyYWwxL2RhaWx5QmFsYW5jZVVwZGF0ZS85dndpOWVVaThEaw","metadata":{"@type":"type.googleapis.com/google.cloud.functions.v1.OperationMetadataV1","target":"projects/platinum-crm-a0fcf/locations/us-central1/functions/dailyBalanceUpdate","type":"UPDATE_FUNCTION","request":{"@type":"type.googleapis.com/google.cloud.functions.v1.CloudFunction","name":"projects/platinum-crm-a0fcf/locations/us-central1/functions/dailyBalanceUpdate","eventTrigger":{"eventType":"google.pubsub.topic.publish","resource":"projects/platinum-crm-a0fcf/topics/firebase-schedule-dailyBalanceUpdate-us-central1","service":"pubsub.googleapis.com","failurePolicy":{}},"status":"ACTIVE","entryPoint":"dailyBalanceUpdate","updateTime":"2024-05-10T22:04:26.706Z","versionId":"7","labels":{"deployment-tool":"cli-firebase","deployment-scheduled":"true","firebase-functions-hash":"9ca9f3ac84ee1cdf1ff1306b4ee30bfd7be1dbec"},"sourceUploadUrl":"https://storage.googleapis.com/uploads-571626731811.us-central1.cloudfunctions.appspot.com/05babc12-586e-431d-b1d5-19225e982058.zip?GoogleAccessId=service-392282937222@gcf-admin-robot.iam.gserviceaccount.com&Expires=1715381554&Signature=x9LOQqWEuCrZce33maVHNWnACDL1ddXTBIursC7y%2FwD%2BWP1MxKSMH7tKpmGPVEXA6%2BDuK03FKMAb3dWr6c4n5h6pkCG2A4%2BkzlN9S6Q31Yw4ou11hHAmFferlSmbAhol3Y8eiKwq4UOjzzcvJE4W%2Fn%2FG6UmdfZr3idXFdD9krSTX97KFl2%2BjQntfwPSEg%2FgkE4Tcb7pWMuHE4pCUhsS%2FBsQTA8v7T2n02H6VB6kiL2mVTO%2BXP7czGCR2%2BQaktYKQFHOIoNw6BmoM%2F09JRuX5%2FhAVTeNTmsO36Dkz1p3H6%2F04EsmJ23DTNLl3IXlCsL5HwDBNHCbJo9fYbAHhbFJuJg%3D%3D","environmentVariables":{"FIREBASE_CONFIG":"{\"projectId\":\"platinum-crm-a0fcf\",\"storageBucket\":\"platinum-crm-a0fcf.appspot.com\",\"locationId\":\"us-central\"}","GCLOUD_PROJECT":"platinum-crm-a0fcf","EVENTARC_CLOUD_EVENT_SOURCE":"projects/platinum-crm-a0fcf/locations/us-central1/functions/dailyBalanceUpdate"},"runtime":"nodejs18","buildId":"de6433df-2c3f-427c-9971-b3f3ed3460dc","buildEnvironmentVariables":{"GOOGLE_NODE_RUN_SCRIPTS":""},"buildName":"projects/392282937222/locations/us-central1/builds/de6433df-2c3f-427c-9971-b3f3ed3460dc","dockerRegistry":"ARTIFACT_REGISTRY","automaticUpdatePolicy":{}},"versionId":"8","updateTime":"2024-05-10T22:24:34Z","buildId":"47f1c53e-0367-4ba6-addf-3adbd249c767","sourceToken":"e96f2d22-3f9f-4521-af3b-34eea52834dc","buildName":"projects/392282937222/locations/us-central1/builds/47f1c53e-0367-4ba6-addf-3adbd249c767"},"done":true,"response":{"@type":"type.googleapis.com/google.cloud.functions.v1.CloudFunction","name":"projects/platinum-crm-a0fcf/locations/us-central1/functions/dailyBalanceUpdate","eventTrigger":{"eventType":"google.pubsub.topic.publish","resource":"projects/platinum-crm-a0fcf/topics/firebase-schedule-dailyBalanceUpdate-us-central1","service":"pubsub.googleapis.com","failurePolicy":{}},"status":"ACTIVE","entryPoint":"dailyBalanceUpdate","timeout":"60s","availableMemoryMb":256,"serviceAccountEmail":"platinum-crm-a0fcf@appspot.gserviceaccount.com","updateTime":"2024-05-10T22:24:34.941Z","versionId":"8","labels":{"deployment-tool":"cli-firebase","deployment-scheduled":"true","firebase-functions-hash":"9ca9f3ac84ee1cdf1ff1306b4ee30bfd7be1dbec"},"sourceUploadUrl":"https://storage.googleapis.com/uploads-571626731811.us-central1.cloudfunctions.appspot.com/05babc12-586e-431d-b1d5-19225e982058.zip","environmentVariables":{"FIREBASE_CONFIG":"{\"projectId\":\"platinum-crm-a0fcf\",\"storageBucket\":\"platinum-crm-a0fcf.appspot.com\",\"locationId\":\"us-central\"}","GCLOUD_PROJECT":"platinum-crm-a0fcf","EVENTARC_CLOUD_EVENT_SOURCE":"projects/platinum-crm-a0fcf/locations/us-central1/functions/dailyBalanceUpdate"},"runtime":"nodejs18","maxInstances":3000,"ingressSettings":"ALLOW_ALL","buildId":"47f1c53e-0367-4ba6-addf-3adbd249c767","buildEnvironmentVariables":{"GOOGLE_NODE_RUN_SCRIPTS":""},"buildName":"projects/392282937222/locations/us-central1/builds/47f1c53e-0367-4ba6-addf-3adbd249c767","dockerRegistry":"ARTIFACT_REGISTRY","automaticUpdatePolicy":{}}}
[debug] [2024-05-10T22:24:42.547Z] Got source token e96f2d22-3f9f-4521-af3b-34eea52834dc for region us-central1
[debug] [2024-05-10T22:24:42.548Z] >>> [apiv2][query] GET https://cloudscheduler.googleapis.com/v1/projects/platinum-crm-a0fcf/locations/us-central1/jobs/firebase-schedule-dailyBalanceUpdate-us-central1 [none]
[debug] [2024-05-10T22:24:43.805Z] <<< [apiv2][status] GET https://cloudscheduler.googleapis.com/v1/projects/platinum-crm-a0fcf/locations/us-central1/jobs/firebase-schedule-dailyBalanceUpdate-us-central1 200
[debug] [2024-05-10T22:24:43.806Z] <<< [apiv2][body] GET https://cloudscheduler.googleapis.com/v1/projects/platinum-crm-a0fcf/locations/us-central1/jobs/firebase-schedule-dailyBalanceUpdate-us-central1 {"name":"projects/platinum-crm-a0fcf/locations/us-central1/jobs/firebase-schedule-dailyBalanceUpdate-us-central1","pubsubTarget":{"topicName":"projects/platinum-crm-a0fcf/topics/firebase-schedule-dailyBalanceUpdate-us-central1","attributes":{"scheduled":"true"}},"userUpdateTime":"2024-05-10T22:04:38Z","state":"ENABLED","scheduleTime":"2024-05-11T18:00:00Z","lastAttemptTime":"2024-05-10T21:00:00.508717Z","retryConfig":{"maxRetryDuration":"0s","minBackoffDuration":"5s","maxBackoffDuration":"3600s","maxDoublings":5},"schedule":"0 0 * * *","timeZone":"Asia/Bishkek"}
[debug] [2024-05-10T22:24:43.811Z] >>> [apiv2][query] PATCH https://cloudscheduler.googleapis.com/v1/projects/platinum-crm-a0fcf/locations/us-central1/jobs/firebase-schedule-dailyBalanceUpdate-us-central1 updateMask=name%2CtimeZone%2CpubsubTarget%2Cschedule%2CretryConfig.maxDoublings%2CretryConfig.retryCount%2CretryConfig.maxBackoffDuration%2CretryConfig.minBackoffDuration%2CretryConfig.maxRetryDuration
[debug] [2024-05-10T22:24:43.812Z] >>> [apiv2][body] PATCH https://cloudscheduler.googleapis.com/v1/projects/platinum-crm-a0fcf/locations/us-central1/jobs/firebase-schedule-dailyBalanceUpdate-us-central1 {"timeZone":"Asia/Bishkek","name":"projects/platinum-crm-a0fcf/locations/us-central1/jobs/firebase-schedule-dailyBalanceUpdate-us-central1","pubsubTarget":{"topicName":"projects/platinum-crm-a0fcf/topics/firebase-schedule-dailyBalanceUpdate-us-central1","attributes":{"scheduled":"true"}},"schedule":"0 0 * * *","retryConfig":{"maxDoublings":null,"retryCount":null,"maxBackoffDuration":null,"minBackoffDuration":null,"maxRetryDuration":null}}
[debug] [2024-05-10T22:24:49.849Z] <<< [apiv2][status] PATCH https://cloudscheduler.googleapis.com/v1/projects/platinum-crm-a0fcf/locations/us-central1/jobs/firebase-schedule-dailyBalanceUpdate-us-central1 200
[debug] [2024-05-10T22:24:49.851Z] <<< [apiv2][body] PATCH https://cloudscheduler.googleapis.com/v1/projects/platinum-crm-a0fcf/locations/us-central1/jobs/firebase-schedule-dailyBalanceUpdate-us-central1 {"name":"projects/platinum-crm-a0fcf/locations/us-central1/jobs/firebase-schedule-dailyBalanceUpdate-us-central1","pubsubTarget":{"topicName":"projects/platinum-crm-a0fcf/topics/firebase-schedule-dailyBalanceUpdate-us-central1","attributes":{"scheduled":"true"}},"userUpdateTime":"2024-05-10T22:24:43Z","state":"ENABLED","scheduleTime":"2024-05-11T18:00:00Z","lastAttemptTime":"2024-05-10T21:00:00.508717Z","retryConfig":{"maxRetryDuration":"0s","minBackoffDuration":"5s","maxBackoffDuration":"3600s","maxDoublings":5},"schedule":"0 0 * * *","timeZone":"Asia/Bishkek"}
[debug] [2024-05-10T22:24:49.853Z] updated scheduler job firebase-schedule-dailyBalanceUpdate-us-central1
[info] +  functions[dailyBalanceUpdate(us-central1)] Successful update operation. 
[debug] [2024-05-10T22:24:49.864Z] Total Function Deployment time: 133452
[debug] [2024-05-10T22:24:49.864Z] 1 Functions Deployed
[debug] [2024-05-10T22:24:49.865Z] 0 Functions Errored
[debug] [2024-05-10T22:24:49.865Z] 0 Function Deployments Aborted
[debug] [2024-05-10T22:24:49.865Z] Average Function Deployment time: 133450
[info] i  functions: cleaning up build files... 
[debug] [2024-05-10T22:24:50.287Z] >>> [apiv2][query] DELETE https://artifactregistry.googleapis.com/v1beta2/projects/platinum-crm-a0fcf/locations/us-central1/repositories/gcf-artifacts/packages/daily_balance_update [none]
[debug] [2024-05-10T22:24:50.289Z] >>> [apiv2][query] GET https://us.gcr.io/v2/platinum-crm-a0fcf/gcf/us-central1/tags/list [none]
[debug] [2024-05-10T22:24:51.069Z] <<< [apiv2][status] GET https://us.gcr.io/v2/platinum-crm-a0fcf/gcf/us-central1/tags/list 404
[debug] [2024-05-10T22:24:51.069Z] <<< [apiv2][body] GET https://us.gcr.io/v2/platinum-crm-a0fcf/gcf/us-central1/tags/list {"errors":[{"code":"NAME_UNKNOWN","message":"Repository \"us.gcr.io\" not found"}]}
[debug] [2024-05-10T22:24:51.070Z] Failed docker command with error  HTTP Error: 404, Not Found {"name":"FirebaseError","children":[],"context":{"body":{"errors":[{"code":"NAME_UNKNOWN","message":"Repository \"us.gcr.io\" not found"}],"error":{"message":"Not Found"}},"response":{"statusCode":404}},"exit":1,"message":"HTTP Error: 404, Not Found","status":404}
[debug] [2024-05-10T22:24:51.077Z] >>> [apiv2][query] GET https://us.gcr.io/v2/platinum-crm-a0fcf/gcf/us-central1/tags/list [none]
[debug] [2024-05-10T22:24:51.471Z] <<< [apiv2][status] GET https://us.gcr.io/v2/platinum-crm-a0fcf/gcf/us-central1/tags/list 404
[debug] [2024-05-10T22:24:51.472Z] <<< [apiv2][body] GET https://us.gcr.io/v2/platinum-crm-a0fcf/gcf/us-central1/tags/list {"errors":[{"code":"NAME_UNKNOWN","message":"Repository \"us.gcr.io\" not found"}]}
[debug] [2024-05-10T22:24:51.472Z] Failed docker command with error  HTTP Error: 404, Not Found {"name":"FirebaseError","children":[],"context":{"body":{"errors":[{"code":"NAME_UNKNOWN","message":"Repository \"us.gcr.io\" not found"}],"error":{"message":"Not Found"}},"response":{"statusCode":404}},"exit":1,"message":"HTTP Error: 404, Not Found","status":404}
[debug] [2024-05-10T22:24:51.562Z] <<< [apiv2][status] DELETE https://artifactregistry.googleapis.com/v1beta2/projects/platinum-crm-a0fcf/locations/us-central1/repositories/gcf-artifacts/packages/daily_balance_update 200
[debug] [2024-05-10T22:24:51.562Z] <<< [apiv2][body] DELETE https://artifactregistry.googleapis.com/v1beta2/projects/platinum-crm-a0fcf/locations/us-central1/repositories/gcf-artifacts/packages/daily_balance_update {"name":"projects/platinum-crm-a0fcf/locations/us-central1/operations/c5be337f-70da-426c-a443-f2a08f8b4d43","metadata":{"@type":"type.googleapis.com/google.devtools.artifactregistry.v1beta2.OperationMetadata"}}
[debug] [2024-05-10T22:24:51.563Z] >>> [apiv2][query] GET https://artifactregistry.googleapis.com/v1beta2/projects/platinum-crm-a0fcf/locations/us-central1/operations/c5be337f-70da-426c-a443-f2a08f8b4d43 [none]
[debug] [2024-05-10T22:24:51.576Z] >>> [apiv2][query] GET https://us.gcr.io/v2/platinum-crm-a0fcf/gcf/us-central1/tags/list [none]
[debug] [2024-05-10T22:24:51.950Z] <<< [apiv2][status] GET https://us.gcr.io/v2/platinum-crm-a0fcf/gcf/us-central1/tags/list 404
[debug] [2024-05-10T22:24:51.951Z] <<< [apiv2][body] GET https://us.gcr.io/v2/platinum-crm-a0fcf/gcf/us-central1/tags/list {"errors":[{"code":"NAME_UNKNOWN","message":"Repository \"us.gcr.io\" not found"}]}
[debug] [2024-05-10T22:24:51.952Z] Failed docker command with error  HTTP Error: 404, Not Found {"name":"FirebaseError","children":[],"context":{"body":{"errors":[{"code":"NAME_UNKNOWN","message":"Repository \"us.gcr.io\" not found"}],"error":{"message":"Not Found"}},"response":{"statusCode":404}},"exit":1,"message":"HTTP Error: 404, Not Found","status":404}
[debug] [2024-05-10T22:24:52.463Z] <<< [apiv2][status] GET https://artifactregistry.googleapis.com/v1beta2/projects/platinum-crm-a0fcf/locations/us-central1/operations/c5be337f-70da-426c-a443-f2a08f8b4d43 200
[debug] [2024-05-10T22:24:52.464Z] <<< [apiv2][body] GET https://artifactregistry.googleapis.com/v1beta2/projects/platinum-crm-a0fcf/locations/us-central1/operations/c5be337f-70da-426c-a443-f2a08f8b4d43 {"name":"projects/platinum-crm-a0fcf/locations/us-central1/operations/c5be337f-70da-426c-a443-f2a08f8b4d43","metadata":{"@type":"type.googleapis.com/google.devtools.artifactregistry.v1beta2.OperationMetadata"},"done":true,"response":{"@type":"type.googleapis.com/google.protobuf.Empty"}}
[warn] !  functions: Unhandled error cleaning up build images. This could result in a small monthly bill if not corrected. You can attempt to delete these images by redeploying or you can delete them manually at https://console.cloud.google.com/gcr/images/platinum-crm-a0fcf/us/gcf 
[info] 
[info] +  Deploy complete! 
[info] 
[info] Project Console: https://console.firebase.google.com/project/platinum-crm-a0fcf/overview
